#! /c/Source/iverilog-install/bin/vvp
:ivl_version "12.0 (devel)" "(s20150603-1110-g18392a46)";
:ivl_delay_selection "TYPICAL";
:vpi_time_precision - 9;
:vpi_module "D:\DevTools\iverilog\lib\ivl\system.vpi";
:vpi_module "D:\DevTools\iverilog\lib\ivl\vhdl_sys.vpi";
:vpi_module "D:\DevTools\iverilog\lib\ivl\vhdl_textio.vpi";
:vpi_module "D:\DevTools\iverilog\lib\ivl\v2005_math.vpi";
:vpi_module "D:\DevTools\iverilog\lib\ivl\va_math.vpi";
S_000001de21047910 .scope module, "full_adder4_2_tb" "full_adder4_2_tb" 2 4;
 .timescale -9 -9;
P_000001de210580c0 .param/l "DELAY" 0 2 10, +C4<00000000000000000000000000010100>;
v000001de210519b0_0 .var "a", 3 0;
v000001de210512d0_0 .var "b", 3 0;
v000001de21051f50_0 .var "cin", 0 0;
v000001de21051a50_0 .net "cout", 0 0, L_000001de21051870;  1 drivers
v000001de21051eb0_0 .var/i "i", 31 0;
v000001de21051d70_0 .var/i "j", 31 0;
v000001de21051e10_0 .net "sum", 3 0, L_000001de21051af0;  1 drivers
S_000001de21048f40 .scope module, "u1" "full_adder4_2" 2 12, 3 2 0, S_000001de21047910;
 .timescale -9 -9;
    .port_info 0 /OUTPUT 4 "sum";
    .port_info 1 /OUTPUT 1 "cout";
    .port_info 2 /INPUT 4 "a";
    .port_info 3 /INPUT 4 "b";
    .port_info 4 /INPUT 1 "cin";
L_000001de210a3070 .functor BUFT 1, C4<0>, C4<0>, C4<0>, C4<0>;
v000001de21047aa0_0 .net *"_ivl_10", 0 0, L_000001de210a3070;  1 drivers
v000001de21055cd0_0 .net *"_ivl_11", 4 0, L_000001de21051ff0;  1 drivers
v000001de21047b40_0 .net *"_ivl_13", 4 0, L_000001de21052090;  1 drivers
L_000001de210a30b8 .functor BUFT 1, C4<0000>, C4<0>, C4<0>, C4<0>;
v000001de210490d0_0 .net *"_ivl_16", 3 0, L_000001de210a30b8;  1 drivers
v000001de21049170_0 .net *"_ivl_17", 4 0, L_000001de21051730;  1 drivers
v000001de21049210_0 .net *"_ivl_3", 4 0, L_000001de210517d0;  1 drivers
L_000001de210a3028 .functor BUFT 1, C4<0>, C4<0>, C4<0>, C4<0>;
v000001de210233a0_0 .net *"_ivl_6", 0 0, L_000001de210a3028;  1 drivers
v000001de21050f60_0 .net *"_ivl_7", 4 0, L_000001de21051cd0;  1 drivers
v000001de21051000_0 .net "a", 3 0, v000001de210519b0_0;  1 drivers
v000001de210510a0_0 .net "b", 3 0, v000001de210512d0_0;  1 drivers
v000001de21051690_0 .net "cin", 0 0, v000001de21051f50_0;  1 drivers
v000001de21051190_0 .net "cout", 0 0, L_000001de21051870;  alias, 1 drivers
v000001de21051370_0 .net "sum", 3 0, L_000001de21051af0;  alias, 1 drivers
L_000001de21051870 .part L_000001de21051730, 4, 1;
L_000001de21051af0 .part L_000001de21051730, 0, 4;
L_000001de210517d0 .concat [ 4 1 0 0], v000001de210519b0_0, L_000001de210a3028;
L_000001de21051cd0 .concat [ 4 1 0 0], v000001de210512d0_0, L_000001de210a3070;
L_000001de21051ff0 .arith/sum 5, L_000001de210517d0, L_000001de21051cd0;
L_000001de21052090 .concat [ 1 4 0 0], v000001de21051f50_0, L_000001de210a30b8;
L_000001de21051730 .arith/sum 5, L_000001de21051ff0, L_000001de21052090;
    .scope S_000001de21047910;
T_0 ;
    %delay 20, 0;
    %load/vec4 v000001de21051f50_0;
    %inv;
    %store/vec4 v000001de21051f50_0, 0, 1;
    %jmp T_0;
    .thread T_0;
    .scope S_000001de21047910;
T_1 ;
    %pushi/vec4 0, 0, 4;
    %store/vec4 v000001de210519b0_0, 0, 4;
    %pushi/vec4 0, 0, 4;
    %store/vec4 v000001de210512d0_0, 0, 4;
    %pushi/vec4 0, 0, 1;
    %store/vec4 v000001de21051f50_0, 0, 1;
    %pushi/vec4 1, 0, 32;
    %store/vec4 v000001de21051eb0_0, 0, 32;
T_1.0 ;
    %load/vec4 v000001de21051eb0_0;
    %cmpi/s 16, 0, 32;
    %jmp/0xz T_1.1, 5;
    %delay 20, 0;
    %load/vec4 v000001de21051eb0_0;
    %pad/s 4;
    %store/vec4 v000001de210519b0_0, 0, 4;
    %load/vec4 v000001de21051eb0_0;
    %addi 1, 0, 32;
    %store/vec4 v000001de21051eb0_0, 0, 32;
    %jmp T_1.0;
T_1.1 ;
    %end;
    .thread T_1;
    .scope S_000001de21047910;
T_2 ;
    %pushi/vec4 1, 0, 32;
    %store/vec4 v000001de21051d70_0, 0, 32;
T_2.0 ;
    %load/vec4 v000001de21051d70_0;
    %cmpi/s 16, 0, 32;
    %jmp/0xz T_2.1, 5;
    %delay 40, 0;
    %load/vec4 v000001de21051d70_0;
    %pad/s 4;
    %store/vec4 v000001de210512d0_0, 0, 4;
    %load/vec4 v000001de21051d70_0;
    %addi 1, 0, 32;
    %store/vec4 v000001de21051d70_0, 0, 32;
    %jmp T_2.0;
T_2.1 ;
    %end;
    .thread T_2;
    .scope S_000001de21047910;
T_3 ;
    %vpi_call 2 29 "$monitor", $time, ": %d + %d + %b = {%b,%d}", v000001de210519b0_0, v000001de210512d0_0, v000001de21051f50_0, v000001de21051a50_0, v000001de21051e10_0 {0 0 0};
    %delay 2000, 0;
    %vpi_call 2 32 "$finish" {0 0 0};
    %end;
    .thread T_3;
    .scope S_000001de21047910;
T_4 ;
    %vpi_call 2 37 "$dumpfile", "./build/full_adder4_2_wave.vcd" {0 0 0};
    %vpi_call 2 38 "$dumpvars", 32'sb00000000000000000000000000000000, S_000001de21047910 {0 0 0};
    %end;
    .thread T_4;
# The file index is used to find the file name in the following table.
:file_names 4;
    "N/A";
    "<interactive>";
    "full_adder4_2_tb.v";
    "./full_adder4_2.v";
