#! /c/Source/iverilog-install/bin/vvp
:ivl_version "12.0 (devel)" "(s20150603-1110-g18392a46)";
:ivl_delay_selection "TYPICAL";
:vpi_time_precision - 9;
:vpi_module "D:\DevTools\iverilog\lib\ivl\system.vpi";
:vpi_module "D:\DevTools\iverilog\lib\ivl\vhdl_sys.vpi";
:vpi_module "D:\DevTools\iverilog\lib\ivl\vhdl_textio.vpi";
:vpi_module "D:\DevTools\iverilog\lib\ivl\v2005_math.vpi";
:vpi_module "D:\DevTools\iverilog\lib\ivl\va_math.vpi";
S_0000022dfaa0edc0 .scope module, "pcpu_tb" "pcpu_tb" 2 5;
 .timescale -9 -9;
P_0000022dfaa07cf0 .param/l "DELAY" 0 2 7, +C4<00000000000000000000000000010100>;
v0000022dfaa6c420_0 .var "clk", 0 0;
v0000022dfaa6d460_0 .net "d_addr", 7 0, L_0000022dfaa6d6e0;  1 drivers
v0000022dfaa6d780_0 .var "d_datain", 15 0;
v0000022dfaa6cf60_0 .net "d_dataout", 15 0, L_0000022dfa9fa6b0;  1 drivers
v0000022dfaa6ce20_0 .net "d_we", 0 0, L_0000022dfa9f9fb0;  1 drivers
v0000022dfaa6d1e0_0 .var "ena", 0 0;
v0000022dfaa6c4c0_0 .net "i_addr", 7 0, L_0000022dfa9fa330;  1 drivers
v0000022dfaa6c880_0 .var "i_datain", 15 0;
v0000022dfaa6c920_0 .var "rst_n", 0 0;
v0000022dfaa6d000_0 .var "start", 0 0;
S_0000022dfa9eb890 .scope module, "u1" "pcpu" 2 15, 3 5 0, S_0000022dfaa0edc0;
 .timescale -9 -9;
    .port_info 0 /INPUT 1 "clk";
    .port_info 1 /INPUT 1 "ena";
    .port_info 2 /INPUT 1 "rst_n";
    .port_info 3 /INPUT 1 "start";
    .port_info 4 /INPUT 16 "i_datain";
    .port_info 5 /INPUT 16 "d_datain";
    .port_info 6 /OUTPUT 8 "i_addr";
    .port_info 7 /OUTPUT 8 "d_addr";
    .port_info 8 /OUTPUT 1 "d_we";
    .port_info 9 /OUTPUT 16 "d_dataout";
L_0000022dfa9fa330 .functor BUFZ 8, v0000022dfaa6b330_0, C4<00000000>, C4<00000000>, C4<00000000>;
L_0000022dfa9f9fb0 .functor BUFZ 1, v0000022dfaa6a6b0_0, C4<0>, C4<0>, C4<0>;
L_0000022dfa9fa6b0 .functor BUFZ 16, v0000022dfaa69990_0, C4<0000000000000000>, C4<0000000000000000>, C4<0000000000000000>;
L_0000022dfa9fab80 .functor OR 1, L_0000022dfaa6c6a0, L_0000022dfaa6d3c0, C4<0>, C4<0>;
L_0000022dfaea2170 .functor BUFT 1, C4<1>, C4<0>, C4<0>, C4<0>;
L_0000022dfa9fa480 .functor XNOR 1, v0000022dfaa6c380_0, L_0000022dfaea2170, C4<0>, C4<0>;
L_0000022dfa9fa170 .functor AND 1, L_0000022dfaa6c100, L_0000022dfa9fa480, C4<1>, C4<1>;
L_0000022dfa9fa800 .functor OR 1, L_0000022dfa9fab80, L_0000022dfa9fa170, C4<0>, C4<0>;
L_0000022dfaea2200 .functor BUFT 1, C4<0>, C4<0>, C4<0>, C4<0>;
L_0000022dfa9fa9c0 .functor XNOR 1, v0000022dfaa6c380_0, L_0000022dfaea2200, C4<0>, C4<0>;
L_0000022dfa9fa5d0 .functor AND 1, L_0000022dfaa6c1a0, L_0000022dfa9fa9c0, C4<1>, C4<1>;
L_0000022dfa9fa3a0 .functor OR 1, L_0000022dfa9fa800, L_0000022dfa9fa5d0, C4<0>, C4<0>;
L_0000022dfaea2290 .functor BUFT 1, C4<1>, C4<0>, C4<0>, C4<0>;
L_0000022dfa9fabf0 .functor XNOR 1, v0000022dfaa6b150_0, L_0000022dfaea2290, C4<0>, C4<0>;
L_0000022dfa9fa4f0 .functor AND 1, L_0000022dfaa6d8c0, L_0000022dfa9fabf0, C4<1>, C4<1>;
L_0000022dfa9fad40 .functor OR 1, L_0000022dfa9fa3a0, L_0000022dfa9fa4f0, C4<0>, C4<0>;
L_0000022dfaea2320 .functor BUFT 1, C4<0>, C4<0>, C4<0>, C4<0>;
L_0000022dfa9facd0 .functor XNOR 1, v0000022dfaa6b150_0, L_0000022dfaea2320, C4<0>, C4<0>;
L_0000022dfa9fa560 .functor AND 1, L_0000022dfaa6d500, L_0000022dfa9facd0, C4<1>, C4<1>;
L_0000022dfa9fa720 .functor OR 1, L_0000022dfa9fad40, L_0000022dfa9fa560, C4<0>, C4<0>;
L_0000022dfaea23b0 .functor BUFT 1, C4<1>, C4<0>, C4<0>, C4<0>;
L_0000022dfa9fa790 .functor XNOR 1, v0000022dfaa6b290_0, L_0000022dfaea23b0, C4<0>, C4<0>;
L_0000022dfaeeae80 .functor AND 1, L_0000022dfaa6c060, L_0000022dfa9fa790, C4<1>, C4<1>;
L_0000022dfaeeafd0 .functor OR 1, L_0000022dfa9fa720, L_0000022dfaeeae80, C4<0>, C4<0>;
L_0000022dfaea2440 .functor BUFT 1, C4<0>, C4<0>, C4<0>, C4<0>;
L_0000022dfaeea1d0 .functor XNOR 1, v0000022dfaa6b290_0, L_0000022dfaea2440, C4<0>, C4<0>;
L_0000022dfaeea0f0 .functor AND 1, L_0000022dfaa6c240, L_0000022dfaeea1d0, C4<1>, C4<1>;
L_0000022dfaeeaa90 .functor OR 1, L_0000022dfaeeafd0, L_0000022dfaeea0f0, C4<0>, C4<0>;
v0000022dfa9fc180_0 .var "ALUo", 15 0;
L_0000022dfaea2098 .functor BUFT 1, C4<11000>, C4<0>, C4<0>, C4<0>;
v0000022dfa9fcd60_0 .net/2u *"_ivl_10", 4 0, L_0000022dfaea2098;  1 drivers
v0000022dfa9fbc80_0 .net *"_ivl_100", 0 0, L_0000022dfaeea1d0;  1 drivers
v0000022dfa9fb460_0 .net *"_ivl_103", 0 0, L_0000022dfaeea0f0;  1 drivers
v0000022dfa9fb320_0 .net *"_ivl_12", 0 0, L_0000022dfaa6c6a0;  1 drivers
v0000022dfa9fb500_0 .net *"_ivl_15", 4 0, L_0000022dfaa6c9c0;  1 drivers
L_0000022dfaea20e0 .functor BUFT 1, C4<11001>, C4<0>, C4<0>, C4<0>;
v0000022dfa9fbdc0_0 .net/2u *"_ivl_16", 4 0, L_0000022dfaea20e0;  1 drivers
v0000022dfa9fcea0_0 .net *"_ivl_18", 0 0, L_0000022dfaa6d3c0;  1 drivers
v0000022dfa9fbd20_0 .net *"_ivl_21", 0 0, L_0000022dfa9fab80;  1 drivers
v0000022dfa9fba00_0 .net *"_ivl_23", 4 0, L_0000022dfaa6bde0;  1 drivers
L_0000022dfaea2128 .functor BUFT 1, C4<11010>, C4<0>, C4<0>, C4<0>;
v0000022dfa9fcf40_0 .net/2u *"_ivl_24", 4 0, L_0000022dfaea2128;  1 drivers
v0000022dfa9fc220_0 .net *"_ivl_26", 0 0, L_0000022dfaa6c100;  1 drivers
v0000022dfa9fd080_0 .net/2u *"_ivl_28", 0 0, L_0000022dfaea2170;  1 drivers
v0000022dfa9fc2c0_0 .net *"_ivl_30", 0 0, L_0000022dfa9fa480;  1 drivers
v0000022dfa9fd120_0 .net *"_ivl_33", 0 0, L_0000022dfa9fa170;  1 drivers
v0000022dfa9fb640_0 .net *"_ivl_35", 0 0, L_0000022dfa9fa800;  1 drivers
v0000022dfa9fb780_0 .net *"_ivl_37", 4 0, L_0000022dfaa6d820;  1 drivers
L_0000022dfaea21b8 .functor BUFT 1, C4<11011>, C4<0>, C4<0>, C4<0>;
v0000022dfa9fc5e0_0 .net/2u *"_ivl_38", 4 0, L_0000022dfaea21b8;  1 drivers
v0000022dfa9fc680_0 .net *"_ivl_40", 0 0, L_0000022dfaa6c1a0;  1 drivers
v0000022dfa9fc720_0 .net/2u *"_ivl_42", 0 0, L_0000022dfaea2200;  1 drivers
v0000022dfa9fc860_0 .net *"_ivl_44", 0 0, L_0000022dfa9fa9c0;  1 drivers
v0000022dfa9fc900_0 .net *"_ivl_47", 0 0, L_0000022dfa9fa5d0;  1 drivers
v0000022dfa9fb820_0 .net *"_ivl_49", 0 0, L_0000022dfa9fa3a0;  1 drivers
v0000022dfa9fc9a0_0 .net *"_ivl_51", 4 0, L_0000022dfaa6d140;  1 drivers
L_0000022dfaea2248 .functor BUFT 1, C4<11100>, C4<0>, C4<0>, C4<0>;
v0000022dfa9fbe60_0 .net/2u *"_ivl_52", 4 0, L_0000022dfaea2248;  1 drivers
v0000022dfaa69c10_0 .net *"_ivl_54", 0 0, L_0000022dfaa6d8c0;  1 drivers
v0000022dfaa6a110_0 .net/2u *"_ivl_56", 0 0, L_0000022dfaea2290;  1 drivers
v0000022dfaa69d50_0 .net *"_ivl_58", 0 0, L_0000022dfa9fabf0;  1 drivers
v0000022dfaa69cb0_0 .net *"_ivl_61", 0 0, L_0000022dfa9fa4f0;  1 drivers
v0000022dfaa6a7f0_0 .net *"_ivl_63", 0 0, L_0000022dfa9fad40;  1 drivers
v0000022dfaa6b1f0_0 .net *"_ivl_65", 4 0, L_0000022dfaa6cb00;  1 drivers
L_0000022dfaea22d8 .functor BUFT 1, C4<11101>, C4<0>, C4<0>, C4<0>;
v0000022dfaa69e90_0 .net/2u *"_ivl_66", 4 0, L_0000022dfaea22d8;  1 drivers
v0000022dfaa69ad0_0 .net *"_ivl_68", 0 0, L_0000022dfaa6d500;  1 drivers
v0000022dfaa6a070_0 .net/2u *"_ivl_70", 0 0, L_0000022dfaea2320;  1 drivers
v0000022dfaa69a30_0 .net *"_ivl_72", 0 0, L_0000022dfa9facd0;  1 drivers
v0000022dfaa69b70_0 .net *"_ivl_75", 0 0, L_0000022dfa9fa560;  1 drivers
v0000022dfaa69df0_0 .net *"_ivl_77", 0 0, L_0000022dfa9fa720;  1 drivers
v0000022dfaa69f30_0 .net *"_ivl_79", 4 0, L_0000022dfaa6d960;  1 drivers
L_0000022dfaea2368 .functor BUFT 1, C4<11110>, C4<0>, C4<0>, C4<0>;
v0000022dfaa6a1b0_0 .net/2u *"_ivl_80", 4 0, L_0000022dfaea2368;  1 drivers
v0000022dfaa6a610_0 .net *"_ivl_82", 0 0, L_0000022dfaa6c060;  1 drivers
v0000022dfaa6a930_0 .net/2u *"_ivl_84", 0 0, L_0000022dfaea23b0;  1 drivers
v0000022dfaa69fd0_0 .net *"_ivl_86", 0 0, L_0000022dfa9fa790;  1 drivers
v0000022dfaa6ab10_0 .net *"_ivl_89", 0 0, L_0000022dfaeeae80;  1 drivers
v0000022dfaa6a430_0 .net *"_ivl_9", 4 0, L_0000022dfaa6bfc0;  1 drivers
v0000022dfaa69850_0 .net *"_ivl_91", 0 0, L_0000022dfaeeafd0;  1 drivers
v0000022dfaa6a890_0 .net *"_ivl_93", 4 0, L_0000022dfaa6d0a0;  1 drivers
L_0000022dfaea23f8 .functor BUFT 1, C4<11111>, C4<0>, C4<0>, C4<0>;
v0000022dfaa6a2f0_0 .net/2u *"_ivl_94", 4 0, L_0000022dfaea23f8;  1 drivers
v0000022dfaa69490_0 .net *"_ivl_96", 0 0, L_0000022dfaa6c240;  1 drivers
v0000022dfaa6a250_0 .net/2u *"_ivl_98", 0 0, L_0000022dfaea2440;  1 drivers
v0000022dfaa6a4d0_0 .net "branch_flag", 0 0, L_0000022dfaeeaa90;  1 drivers
v0000022dfaa6b290_0 .var "cf", 0 0;
v0000022dfaa6a390_0 .var "cf_buf", 0 0;
v0000022dfaa6ae30_0 .net "clk", 0 0, v0000022dfaa6c420_0;  1 drivers
v0000022dfaa6a9d0_0 .net "d_addr", 7 0, L_0000022dfaa6d6e0;  alias, 1 drivers
v0000022dfaa6aa70_0 .net "d_datain", 15 0, v0000022dfaa6d780_0;  1 drivers
v0000022dfaa6abb0_0 .net "d_dataout", 15 0, L_0000022dfa9fa6b0;  alias, 1 drivers
v0000022dfaa6a750_0 .net "d_we", 0 0, L_0000022dfa9f9fb0;  alias, 1 drivers
v0000022dfaa6a6b0_0 .var "dw", 0 0;
v0000022dfaa6a570_0 .net "ena", 0 0, v0000022dfaa6d1e0_0;  1 drivers
v0000022dfaa6ac50_0 .var "ex_ir", 15 0;
v0000022dfaa6acf0 .array "gr", 0 7, 15 0;
v0000022dfaa6ad90_0 .net "i_addr", 7 0, L_0000022dfa9fa330;  alias, 1 drivers
v0000022dfaa6aed0_0 .net "i_datain", 15 0, v0000022dfaa6c880_0;  1 drivers
v0000022dfaa6af70_0 .var "id_ir", 15 0;
v0000022dfaa6b010_0 .var "mem_ir", 15 0;
v0000022dfaa6b0b0_0 .var "next_state", 0 0;
v0000022dfaa6b150_0 .var "nf", 0 0;
v0000022dfaa6b330_0 .var "pc", 7 0;
v0000022dfaa69530_0 .var "reg_A", 15 0;
v0000022dfaa695d0_0 .var "reg_B", 15 0;
v0000022dfaa69710_0 .var "reg_C", 15 0;
v0000022dfaa69670_0 .var "reg_C1", 15 0;
v0000022dfaa698f0_0 .net "rst_n", 0 0, v0000022dfaa6c920_0;  1 drivers
v0000022dfaa697b0_0 .var "smdr", 15 0;
v0000022dfaa69990_0 .var "smdr1", 15 0;
v0000022dfaa6bca0_0 .net "start", 0 0, v0000022dfaa6d000_0;  1 drivers
v0000022dfaa6bc00_0 .var "state", 0 0;
v0000022dfaa6cec0_0 .var "wb_ir", 15 0;
v0000022dfaa6c380_0 .var "zf", 0 0;
E_0000022dfaa079b0/0 .event negedge, v0000022dfaa698f0_0;
E_0000022dfaa079b0/1 .event posedge, v0000022dfaa6ae30_0;
E_0000022dfaa079b0 .event/or E_0000022dfaa079b0/0, E_0000022dfaa079b0/1;
E_0000022dfaa08030 .event anyedge, v0000022dfaa6ac50_0, v0000022dfaa69530_0, v0000022dfaa695d0_0, v0000022dfaa6b290_0;
E_0000022dfaa07a30 .event anyedge, v0000022dfaa6bc00_0, v0000022dfaa6a570_0, v0000022dfaa6bca0_0, v0000022dfaa6cec0_0;
E_0000022dfaa07a70 .event posedge, v0000022dfaa6ae30_0;
L_0000022dfaa6d6e0 .part v0000022dfaa69710_0, 0, 8;
L_0000022dfaa6bfc0 .part v0000022dfaa6b010_0, 11, 5;
L_0000022dfaa6c6a0 .cmp/eq 5, L_0000022dfaa6bfc0, L_0000022dfaea2098;
L_0000022dfaa6c9c0 .part v0000022dfaa6b010_0, 11, 5;
L_0000022dfaa6d3c0 .cmp/eq 5, L_0000022dfaa6c9c0, L_0000022dfaea20e0;
L_0000022dfaa6bde0 .part v0000022dfaa6b010_0, 11, 5;
L_0000022dfaa6c100 .cmp/eq 5, L_0000022dfaa6bde0, L_0000022dfaea2128;
L_0000022dfaa6d820 .part v0000022dfaa6b010_0, 11, 5;
L_0000022dfaa6c1a0 .cmp/eq 5, L_0000022dfaa6d820, L_0000022dfaea21b8;
L_0000022dfaa6d140 .part v0000022dfaa6b010_0, 11, 5;
L_0000022dfaa6d8c0 .cmp/eq 5, L_0000022dfaa6d140, L_0000022dfaea2248;
L_0000022dfaa6cb00 .part v0000022dfaa6b010_0, 11, 5;
L_0000022dfaa6d500 .cmp/eq 5, L_0000022dfaa6cb00, L_0000022dfaea22d8;
L_0000022dfaa6d960 .part v0000022dfaa6b010_0, 11, 5;
L_0000022dfaa6c060 .cmp/eq 5, L_0000022dfaa6d960, L_0000022dfaea2368;
L_0000022dfaa6d0a0 .part v0000022dfaa6b010_0, 11, 5;
L_0000022dfaa6c240 .cmp/eq 5, L_0000022dfaa6d0a0, L_0000022dfaea23f8;
S_0000022dfa9eba20 .scope function.vec4.s1, "I_R1_TYPE" "I_R1_TYPE" 3 288, 3 288 0, S_0000022dfa9eb890;
 .timescale -9 -9;
; Variable I_R1_TYPE is vec4 return value of scope S_0000022dfa9eba20
v0000022dfa9fb6e0_0 .var "op", 4 0;
TD_pcpu_tb.u1.I_R1_TYPE ;
    %load/vec4 v0000022dfa9fb6e0_0;
    %pushi/vec4 16, 0, 5;
    %cmp/e;
    %flag_get/vec4 4;
    %load/vec4 v0000022dfa9fb6e0_0;
    %pushi/vec4 19, 0, 5;
    %cmp/e;
    %flag_get/vec4 4;
    %or;
    %load/vec4 v0000022dfa9fb6e0_0;
    %pushi/vec4 19, 0, 5;
    %cmp/e;
    %flag_get/vec4 4;
    %or;
    %load/vec4 v0000022dfa9fb6e0_0;
    %pushi/vec4 11, 0, 5;
    %cmp/e;
    %flag_get/vec4 4;
    %or;
    %load/vec4 v0000022dfa9fb6e0_0;
    %pushi/vec4 25, 0, 5;
    %cmp/e;
    %flag_get/vec4 4;
    %or;
    %load/vec4 v0000022dfa9fb6e0_0;
    %pushi/vec4 26, 0, 5;
    %cmp/e;
    %flag_get/vec4 4;
    %or;
    %load/vec4 v0000022dfa9fb6e0_0;
    %pushi/vec4 27, 0, 5;
    %cmp/e;
    %flag_get/vec4 4;
    %or;
    %load/vec4 v0000022dfa9fb6e0_0;
    %pushi/vec4 28, 0, 5;
    %cmp/e;
    %flag_get/vec4 4;
    %or;
    %load/vec4 v0000022dfa9fb6e0_0;
    %pushi/vec4 29, 0, 5;
    %cmp/e;
    %flag_get/vec4 4;
    %or;
    %load/vec4 v0000022dfa9fb6e0_0;
    %pushi/vec4 30, 0, 5;
    %cmp/e;
    %flag_get/vec4 4;
    %or;
    %load/vec4 v0000022dfa9fb6e0_0;
    %pushi/vec4 31, 0, 5;
    %cmp/e;
    %flag_get/vec4 4;
    %or;
    %ret/vec4 0, 0, 1;  Assign to I_R1_TYPE (store_vec4_to_lval)
    %end;
S_0000022dfa9ebbb0 .scope function.vec4.s1, "I_R2_TYPE" "I_R2_TYPE" 3 306, 3 306 0, S_0000022dfa9eb890;
 .timescale -9 -9;
; Variable I_R2_TYPE is vec4 return value of scope S_0000022dfa9ebbb0
v0000022dfa9fca40_0 .var "op", 4 0;
TD_pcpu_tb.u1.I_R2_TYPE ;
    %load/vec4 v0000022dfa9fca40_0;
    %pushi/vec4 2, 0, 5;
    %cmp/e;
    %flag_get/vec4 4;
    %load/vec4 v0000022dfa9fca40_0;
    %pushi/vec4 3, 0, 5;
    %cmp/e;
    %flag_get/vec4 4;
    %or;
    %load/vec4 v0000022dfa9fca40_0;
    %pushi/vec4 8, 0, 5;
    %cmp/e;
    %flag_get/vec4 4;
    %or;
    %load/vec4 v0000022dfa9fca40_0;
    %pushi/vec4 17, 0, 5;
    %cmp/e;
    %flag_get/vec4 4;
    %or;
    %load/vec4 v0000022dfa9fca40_0;
    %pushi/vec4 10, 0, 5;
    %cmp/e;
    %flag_get/vec4 4;
    %or;
    %load/vec4 v0000022dfa9fca40_0;
    %pushi/vec4 18, 0, 5;
    %cmp/e;
    %flag_get/vec4 4;
    %or;
    %load/vec4 v0000022dfa9fca40_0;
    %pushi/vec4 12, 0, 5;
    %cmp/e;
    %flag_get/vec4 4;
    %or;
    %load/vec4 v0000022dfa9fca40_0;
    %pushi/vec4 13, 0, 5;
    %cmp/e;
    %flag_get/vec4 4;
    %or;
    %load/vec4 v0000022dfa9fca40_0;
    %pushi/vec4 14, 0, 5;
    %cmp/e;
    %flag_get/vec4 4;
    %or;
    %load/vec4 v0000022dfa9fca40_0;
    %pushi/vec4 15, 0, 5;
    %cmp/e;
    %flag_get/vec4 4;
    %or;
    %load/vec4 v0000022dfa9fca40_0;
    %pushi/vec4 4, 0, 5;
    %cmp/e;
    %flag_get/vec4 4;
    %or;
    %load/vec4 v0000022dfa9fca40_0;
    %pushi/vec4 6, 0, 5;
    %cmp/e;
    %flag_get/vec4 4;
    %or;
    %load/vec4 v0000022dfa9fca40_0;
    %pushi/vec4 5, 0, 5;
    %cmp/e;
    %flag_get/vec4 4;
    %or;
    %load/vec4 v0000022dfa9fca40_0;
    %pushi/vec4 7, 0, 5;
    %cmp/e;
    %flag_get/vec4 4;
    %or;
    %ret/vec4 0, 0, 1;  Assign to I_R2_TYPE (store_vec4_to_lval)
    %end;
S_0000022dfa982570 .scope function.vec4.s1, "I_R3_TYPE" "I_R3_TYPE" 3 327, 3 327 0, S_0000022dfa9eb890;
 .timescale -9 -9;
; Variable I_R3_TYPE is vec4 return value of scope S_0000022dfa982570
v0000022dfa9fcc20_0 .var "op", 4 0;
TD_pcpu_tb.u1.I_R3_TYPE ;
    %load/vec4 v0000022dfa9fcc20_0;
    %pushi/vec4 8, 0, 5;
    %cmp/e;
    %flag_get/vec4 4;
    %load/vec4 v0000022dfa9fcc20_0;
    %pushi/vec4 17, 0, 5;
    %cmp/e;
    %flag_get/vec4 4;
    %or;
    %load/vec4 v0000022dfa9fcc20_0;
    %pushi/vec4 10, 0, 5;
    %cmp/e;
    %flag_get/vec4 4;
    %or;
    %load/vec4 v0000022dfa9fcc20_0;
    %pushi/vec4 18, 0, 5;
    %cmp/e;
    %flag_get/vec4 4;
    %or;
    %load/vec4 v0000022dfa9fcc20_0;
    %pushi/vec4 12, 0, 5;
    %cmp/e;
    %flag_get/vec4 4;
    %or;
    %load/vec4 v0000022dfa9fcc20_0;
    %pushi/vec4 13, 0, 5;
    %cmp/e;
    %flag_get/vec4 4;
    %or;
    %load/vec4 v0000022dfa9fcc20_0;
    %pushi/vec4 14, 0, 5;
    %cmp/e;
    %flag_get/vec4 4;
    %or;
    %load/vec4 v0000022dfa9fcc20_0;
    %pushi/vec4 15, 0, 5;
    %cmp/e;
    %flag_get/vec4 4;
    %or;
    %ret/vec4 0, 0, 1;  Assign to I_R3_TYPE (store_vec4_to_lval)
    %end;
S_0000022dfa982700 .scope function.vec4.s1, "I_REG_TYPE" "I_REG_TYPE" 3 264, 3 264 0, S_0000022dfa9eb890;
 .timescale -9 -9;
; Variable I_REG_TYPE is vec4 return value of scope S_0000022dfa982700
v0000022dfa9fc0e0_0 .var "op", 4 0;
TD_pcpu_tb.u1.I_REG_TYPE ;
    %load/vec4 v0000022dfa9fc0e0_0;
    %pushi/vec4 2, 0, 5;
    %cmp/e;
    %flag_get/vec4 4;
    %load/vec4 v0000022dfa9fc0e0_0;
    %pushi/vec4 16, 0, 5;
    %cmp/e;
    %flag_get/vec4 4;
    %or;
    %load/vec4 v0000022dfa9fc0e0_0;
    %pushi/vec4 8, 0, 5;
    %cmp/e;
    %flag_get/vec4 4;
    %or;
    %load/vec4 v0000022dfa9fc0e0_0;
    %pushi/vec4 9, 0, 5;
    %cmp/e;
    %flag_get/vec4 4;
    %or;
    %load/vec4 v0000022dfa9fc0e0_0;
    %pushi/vec4 17, 0, 5;
    %cmp/e;
    %flag_get/vec4 4;
    %or;
    %load/vec4 v0000022dfa9fc0e0_0;
    %pushi/vec4 19, 0, 5;
    %cmp/e;
    %flag_get/vec4 4;
    %or;
    %load/vec4 v0000022dfa9fc0e0_0;
    %pushi/vec4 10, 0, 5;
    %cmp/e;
    %flag_get/vec4 4;
    %or;
    %load/vec4 v0000022dfa9fc0e0_0;
    %pushi/vec4 11, 0, 5;
    %cmp/e;
    %flag_get/vec4 4;
    %or;
    %load/vec4 v0000022dfa9fc0e0_0;
    %pushi/vec4 18, 0, 5;
    %cmp/e;
    %flag_get/vec4 4;
    %or;
    %load/vec4 v0000022dfa9fc0e0_0;
    %pushi/vec4 13, 0, 5;
    %cmp/e;
    %flag_get/vec4 4;
    %or;
    %load/vec4 v0000022dfa9fc0e0_0;
    %pushi/vec4 14, 0, 5;
    %cmp/e;
    %flag_get/vec4 4;
    %or;
    %load/vec4 v0000022dfa9fc0e0_0;
    %pushi/vec4 15, 0, 5;
    %cmp/e;
    %flag_get/vec4 4;
    %or;
    %load/vec4 v0000022dfa9fc0e0_0;
    %pushi/vec4 4, 0, 5;
    %cmp/e;
    %flag_get/vec4 4;
    %or;
    %load/vec4 v0000022dfa9fc0e0_0;
    %pushi/vec4 6, 0, 5;
    %cmp/e;
    %flag_get/vec4 4;
    %or;
    %load/vec4 v0000022dfa9fc0e0_0;
    %pushi/vec4 5, 0, 5;
    %cmp/e;
    %flag_get/vec4 4;
    %or;
    %load/vec4 v0000022dfa9fc0e0_0;
    %pushi/vec4 7, 0, 5;
    %cmp/e;
    %flag_get/vec4 4;
    %or;
    %ret/vec4 0, 0, 1;  Assign to I_REG_TYPE (store_vec4_to_lval)
    %end;
S_0000022dfa982890 .scope function.vec4.s1, "I_V2V3ZERO_TYPE" "I_V2V3ZERO_TYPE" 3 372, 3 372 0, S_0000022dfa9eb890;
 .timescale -9 -9;
; Variable I_V2V3ZERO_TYPE is vec4 return value of scope S_0000022dfa982890
v0000022dfa9fbfa0_0 .var "op", 4 0;
TD_pcpu_tb.u1.I_V2V3ZERO_TYPE ;
    %load/vec4 v0000022dfa9fbfa0_0;
    %pushi/vec4 16, 0, 5;
    %cmp/e;
    %flag_get/vec4 4;
    %load/vec4 v0000022dfa9fbfa0_0;
    %pushi/vec4 19, 0, 5;
    %cmp/e;
    %flag_get/vec4 4;
    %or;
    %ret/vec4 0, 0, 1;  Assign to I_V2V3ZERO_TYPE (store_vec4_to_lval)
    %end;
S_0000022dfaa69010 .scope function.vec4.s1, "I_V3_TYPE" "I_V3_TYPE" 3 342, 3 342 0, S_0000022dfa9eb890;
 .timescale -9 -9;
; Variable I_V3_TYPE is vec4 return value of scope S_0000022dfaa69010
v0000022dfa9fb3c0_0 .var "op", 4 0;
TD_pcpu_tb.u1.I_V3_TYPE ;
    %load/vec4 v0000022dfa9fb3c0_0;
    %pushi/vec4 2, 0, 5;
    %cmp/e;
    %flag_get/vec4 4;
    %load/vec4 v0000022dfa9fb3c0_0;
    %pushi/vec4 3, 0, 5;
    %cmp/e;
    %flag_get/vec4 4;
    %or;
    %load/vec4 v0000022dfa9fb3c0_0;
    %pushi/vec4 4, 0, 5;
    %cmp/e;
    %flag_get/vec4 4;
    %or;
    %load/vec4 v0000022dfa9fb3c0_0;
    %pushi/vec4 6, 0, 5;
    %cmp/e;
    %flag_get/vec4 4;
    %or;
    %load/vec4 v0000022dfa9fb3c0_0;
    %pushi/vec4 5, 0, 5;
    %cmp/e;
    %flag_get/vec4 4;
    %or;
    %load/vec4 v0000022dfa9fb3c0_0;
    %pushi/vec4 7, 0, 5;
    %cmp/e;
    %flag_get/vec4 4;
    %or;
    %ret/vec4 0, 0, 1;  Assign to I_V3_TYPE (store_vec4_to_lval)
    %end;
S_0000022dfaa691a0 .scope function.vec4.s1, "I_ZEROV2V3_TYPE" "I_ZEROV2V3_TYPE" 3 355, 3 355 0, S_0000022dfa9eb890;
 .timescale -9 -9;
; Variable I_ZEROV2V3_TYPE is vec4 return value of scope S_0000022dfaa691a0
v0000022dfa9fce00_0 .var "op", 4 0;
TD_pcpu_tb.u1.I_ZEROV2V3_TYPE ;
    %load/vec4 v0000022dfa9fce00_0;
    %pushi/vec4 9, 0, 5;
    %cmp/e;
    %flag_get/vec4 4;
    %load/vec4 v0000022dfa9fce00_0;
    %pushi/vec4 11, 0, 5;
    %cmp/e;
    %flag_get/vec4 4;
    %or;
    %load/vec4 v0000022dfa9fce00_0;
    %pushi/vec4 24, 0, 5;
    %cmp/e;
    %flag_get/vec4 4;
    %or;
    %load/vec4 v0000022dfa9fce00_0;
    %pushi/vec4 25, 0, 5;
    %cmp/e;
    %flag_get/vec4 4;
    %or;
    %load/vec4 v0000022dfa9fce00_0;
    %pushi/vec4 26, 0, 5;
    %cmp/e;
    %flag_get/vec4 4;
    %or;
    %load/vec4 v0000022dfa9fce00_0;
    %pushi/vec4 27, 0, 5;
    %cmp/e;
    %flag_get/vec4 4;
    %or;
    %load/vec4 v0000022dfa9fce00_0;
    %pushi/vec4 28, 0, 5;
    %cmp/e;
    %flag_get/vec4 4;
    %or;
    %load/vec4 v0000022dfa9fce00_0;
    %pushi/vec4 29, 0, 5;
    %cmp/e;
    %flag_get/vec4 4;
    %or;
    %load/vec4 v0000022dfa9fce00_0;
    %pushi/vec4 30, 0, 5;
    %cmp/e;
    %flag_get/vec4 4;
    %or;
    %load/vec4 v0000022dfa9fce00_0;
    %pushi/vec4 31, 0, 5;
    %cmp/e;
    %flag_get/vec4 4;
    %or;
    %ret/vec4 0, 0, 1;  Assign to I_ZEROV2V3_TYPE (store_vec4_to_lval)
    %end;
    .scope S_0000022dfa9eb890;
T_7 ;
    %wait E_0000022dfaa07a70;
    %load/vec4 v0000022dfaa698f0_0;
    %nor/r;
    %flag_set/vec4 8;
    %jmp/0xz  T_7.0, 8;
    %pushi/vec4 0, 0, 1;
    %assign/vec4 v0000022dfaa6bc00_0, 0;
    %jmp T_7.1;
T_7.0 ;
    %load/vec4 v0000022dfaa6b0b0_0;
    %assign/vec4 v0000022dfaa6bc00_0, 0;
T_7.1 ;
    %jmp T_7;
    .thread T_7;
    .scope S_0000022dfa9eb890;
T_8 ;
    %wait E_0000022dfaa07a30;
    %load/vec4 v0000022dfaa6bc00_0;
    %dup/vec4;
    %pushi/vec4 0, 0, 1;
    %cmp/u;
    %jmp/1 T_8.0, 6;
    %dup/vec4;
    %pushi/vec4 1, 0, 1;
    %cmp/u;
    %jmp/1 T_8.1, 6;
    %pushi/vec4 0, 0, 1;
    %assign/vec4 v0000022dfaa6b0b0_0, 0;
    %jmp T_8.3;
T_8.0 ;
    %load/vec4 v0000022dfaa6a570_0;
    %load/vec4 v0000022dfaa6bca0_0;
    %and;
    %flag_set/vec4 8;
    %jmp/0xz  T_8.4, 8;
    %pushi/vec4 1, 0, 1;
    %assign/vec4 v0000022dfaa6b0b0_0, 0;
    %jmp T_8.5;
T_8.4 ;
    %pushi/vec4 0, 0, 1;
    %assign/vec4 v0000022dfaa6b0b0_0, 0;
T_8.5 ;
    %jmp T_8.3;
T_8.1 ;
    %load/vec4 v0000022dfaa6a570_0;
    %nor/r;
    %flag_set/vec4 8;
    %load/vec4 v0000022dfaa6cec0_0;
    %parti/s 5, 11, 5;
    %cmpi/e 1, 0, 5;
    %flag_or 4, 8;
    %jmp/0xz  T_8.6, 4;
    %pushi/vec4 0, 0, 1;
    %assign/vec4 v0000022dfaa6b0b0_0, 0;
    %jmp T_8.7;
T_8.6 ;
    %pushi/vec4 1, 0, 1;
    %assign/vec4 v0000022dfaa6b0b0_0, 0;
T_8.7 ;
    %jmp T_8.3;
T_8.3 ;
    %pop/vec4 1;
    %jmp T_8;
    .thread T_8, $push;
    .scope S_0000022dfa9eb890;
T_9 ;
    %wait E_0000022dfaa079b0;
    %load/vec4 v0000022dfaa698f0_0;
    %nor/r;
    %flag_set/vec4 8;
    %jmp/0xz  T_9.0, 8;
    %pushi/vec4 0, 0, 16;
    %assign/vec4 v0000022dfaa6af70_0, 0;
    %pushi/vec4 0, 0, 8;
    %assign/vec4 v0000022dfaa6b330_0, 0;
    %jmp T_9.1;
T_9.0 ;
    %load/vec4 v0000022dfaa6bc00_0;
    %cmpi/e 1, 0, 1;
    %jmp/0xz  T_9.2, 4;
    %load/vec4 v0000022dfaa6aed0_0;
    %assign/vec4 v0000022dfaa6af70_0, 0;
    %load/vec4 v0000022dfaa6a4d0_0;
    %flag_set/vec4 8;
    %jmp/0xz  T_9.4, 8;
    %load/vec4 v0000022dfaa69710_0;
    %parti/s 8, 0, 2;
    %assign/vec4 v0000022dfaa6b330_0, 0;
    %jmp T_9.5;
T_9.4 ;
    %load/vec4 v0000022dfaa6b330_0;
    %addi 2, 0, 8;
    %assign/vec4 v0000022dfaa6b330_0, 0;
T_9.5 ;
    %jmp T_9.3;
T_9.2 ;
    %load/vec4 v0000022dfaa6af70_0;
    %assign/vec4 v0000022dfaa6af70_0, 0;
T_9.3 ;
T_9.1 ;
    %jmp T_9;
    .thread T_9;
    .scope S_0000022dfa9eb890;
T_10 ;
    %wait E_0000022dfaa079b0;
    %load/vec4 v0000022dfaa698f0_0;
    %nor/r;
    %flag_set/vec4 8;
    %jmp/0xz  T_10.0, 8;
    %pushi/vec4 0, 0, 16;
    %assign/vec4 v0000022dfaa6ac50_0, 0;
    %pushi/vec4 0, 0, 16;
    %assign/vec4 v0000022dfaa69530_0, 0;
    %pushi/vec4 0, 0, 16;
    %assign/vec4 v0000022dfaa695d0_0, 0;
    %pushi/vec4 0, 0, 16;
    %assign/vec4 v0000022dfaa697b0_0, 0;
    %jmp T_10.1;
T_10.0 ;
    %load/vec4 v0000022dfaa6bc00_0;
    %cmpi/e 1, 0, 1;
    %jmp/0xz  T_10.2, 4;
    %load/vec4 v0000022dfaa6af70_0;
    %assign/vec4 v0000022dfaa6ac50_0, 0;
    %load/vec4 v0000022dfaa6af70_0;
    %parti/s 5, 11, 5;
    %cmpi/e 3, 0, 5;
    %jmp/0xz  T_10.4, 4;
    %load/vec4 v0000022dfaa6af70_0;
    %parti/s 3, 8, 5;
    %pad/u 5;
    %ix/vec4 4;
    %load/vec4a v0000022dfaa6acf0, 4;
    %assign/vec4 v0000022dfaa697b0_0, 0;
    %jmp T_10.5;
T_10.4 ;
    %load/vec4 v0000022dfaa697b0_0;
    %assign/vec4 v0000022dfaa697b0_0, 0;
T_10.5 ;
    %load/vec4 v0000022dfaa6af70_0;
    %parti/s 5, 11, 5;
    %cmpi/e 24, 0, 5;
    %jmp/0xz  T_10.6, 4;
    %pushi/vec4 0, 0, 16;
    %assign/vec4 v0000022dfaa69530_0, 0;
    %jmp T_10.7;
T_10.6 ;
    %load/vec4 v0000022dfaa6af70_0;
    %parti/s 5, 11, 5;
    %store/vec4 v0000022dfa9fb6e0_0, 0, 5;
    %callf/vec4 TD_pcpu_tb.u1.I_R1_TYPE, S_0000022dfa9eba20;
    %flag_set/vec4 8;
    %jmp/0xz  T_10.8, 8;
    %load/vec4 v0000022dfaa6af70_0;
    %parti/s 3, 8, 5;
    %pad/u 5;
    %ix/vec4 4;
    %load/vec4a v0000022dfaa6acf0, 4;
    %assign/vec4 v0000022dfaa69530_0, 0;
    %jmp T_10.9;
T_10.8 ;
    %load/vec4 v0000022dfaa6af70_0;
    %parti/s 5, 11, 5;
    %store/vec4 v0000022dfa9fca40_0, 0, 5;
    %callf/vec4 TD_pcpu_tb.u1.I_R2_TYPE, S_0000022dfa9ebbb0;
    %flag_set/vec4 8;
    %jmp/0xz  T_10.10, 8;
    %load/vec4 v0000022dfaa6af70_0;
    %parti/s 3, 4, 4;
    %pad/u 5;
    %ix/vec4 4;
    %load/vec4a v0000022dfaa6acf0, 4;
    %assign/vec4 v0000022dfaa69530_0, 0;
    %jmp T_10.11;
T_10.10 ;
    %load/vec4 v0000022dfaa69530_0;
    %assign/vec4 v0000022dfaa69530_0, 0;
T_10.11 ;
T_10.9 ;
T_10.7 ;
    %load/vec4 v0000022dfaa6af70_0;
    %parti/s 5, 11, 5;
    %store/vec4 v0000022dfa9fb3c0_0, 0, 5;
    %callf/vec4 TD_pcpu_tb.u1.I_V3_TYPE, S_0000022dfaa69010;
    %flag_set/vec4 8;
    %jmp/0xz  T_10.12, 8;
    %pushi/vec4 0, 0, 12;
    %load/vec4 v0000022dfaa6af70_0;
    %parti/s 4, 0, 2;
    %concat/vec4; draw_concat_vec4
    %assign/vec4 v0000022dfaa695d0_0, 0;
    %jmp T_10.13;
T_10.12 ;
    %load/vec4 v0000022dfaa6af70_0;
    %parti/s 5, 11, 5;
    %store/vec4 v0000022dfa9fce00_0, 0, 5;
    %callf/vec4 TD_pcpu_tb.u1.I_ZEROV2V3_TYPE, S_0000022dfaa691a0;
    %flag_set/vec4 8;
    %jmp/0xz  T_10.14, 8;
    %pushi/vec4 0, 0, 8;
    %load/vec4 v0000022dfaa6af70_0;
    %parti/s 8, 0, 2;
    %concat/vec4; draw_concat_vec4
    %assign/vec4 v0000022dfaa695d0_0, 0;
    %jmp T_10.15;
T_10.14 ;
    %load/vec4 v0000022dfaa6af70_0;
    %parti/s 5, 11, 5;
    %store/vec4 v0000022dfa9fbfa0_0, 0, 5;
    %callf/vec4 TD_pcpu_tb.u1.I_V2V3ZERO_TYPE, S_0000022dfa982890;
    %flag_set/vec4 8;
    %jmp/0xz  T_10.16, 8;
    %load/vec4 v0000022dfaa6af70_0;
    %parti/s 8, 0, 2;
    %concati/vec4 0, 0, 8;
    %assign/vec4 v0000022dfaa695d0_0, 0;
    %jmp T_10.17;
T_10.16 ;
    %load/vec4 v0000022dfaa6af70_0;
    %parti/s 5, 11, 5;
    %store/vec4 v0000022dfa9fcc20_0, 0, 5;
    %callf/vec4 TD_pcpu_tb.u1.I_R3_TYPE, S_0000022dfa982570;
    %flag_set/vec4 8;
    %jmp/0xz  T_10.18, 8;
    %load/vec4 v0000022dfaa6af70_0;
    %parti/s 3, 0, 2;
    %pad/u 5;
    %ix/vec4 4;
    %load/vec4a v0000022dfaa6acf0, 4;
    %assign/vec4 v0000022dfaa695d0_0, 0;
    %jmp T_10.19;
T_10.18 ;
    %load/vec4 v0000022dfaa695d0_0;
    %assign/vec4 v0000022dfaa695d0_0, 0;
T_10.19 ;
T_10.17 ;
T_10.15 ;
T_10.13 ;
T_10.2 ;
T_10.1 ;
    %jmp T_10;
    .thread T_10;
    .scope S_0000022dfa9eb890;
T_11 ;
    %wait E_0000022dfaa079b0;
    %load/vec4 v0000022dfaa698f0_0;
    %nor/r;
    %flag_set/vec4 8;
    %jmp/0xz  T_11.0, 8;
    %pushi/vec4 0, 0, 16;
    %assign/vec4 v0000022dfaa6b010_0, 0;
    %pushi/vec4 0, 0, 16;
    %assign/vec4 v0000022dfaa69710_0, 0;
    %pushi/vec4 0, 0, 16;
    %assign/vec4 v0000022dfaa69990_0, 0;
    %pushi/vec4 0, 0, 1;
    %assign/vec4 v0000022dfaa6a6b0_0, 0;
    %pushi/vec4 0, 0, 1;
    %assign/vec4 v0000022dfaa6c380_0, 0;
    %pushi/vec4 0, 0, 1;
    %assign/vec4 v0000022dfaa6b150_0, 0;
    %pushi/vec4 0, 0, 1;
    %assign/vec4 v0000022dfaa6b290_0, 0;
    %jmp T_11.1;
T_11.0 ;
    %load/vec4 v0000022dfaa6bc00_0;
    %cmpi/e 1, 0, 1;
    %jmp/0xz  T_11.2, 4;
    %load/vec4 v0000022dfa9fc180_0;
    %assign/vec4 v0000022dfaa69710_0, 0;
    %load/vec4 v0000022dfaa6ac50_0;
    %assign/vec4 v0000022dfaa6b010_0, 0;
    %load/vec4 v0000022dfaa6ac50_0;
    %parti/s 5, 11, 5;
    %cmpi/e 16, 0, 5;
    %flag_mov 8, 4;
    %load/vec4 v0000022dfaa6ac50_0;
    %parti/s 5, 11, 5;
    %cmpi/e 19, 0, 5;
    %flag_or 4, 8;
    %flag_mov 8, 4;
    %load/vec4 v0000022dfaa6ac50_0;
    %parti/s 5, 11, 5;
    %cmpi/e 8, 0, 5;
    %flag_or 4, 8;
    %flag_mov 8, 4;
    %load/vec4 v0000022dfaa6ac50_0;
    %parti/s 5, 11, 5;
    %cmpi/e 9, 0, 5;
    %flag_or 4, 8;
    %flag_mov 8, 4;
    %load/vec4 v0000022dfaa6ac50_0;
    %parti/s 5, 11, 5;
    %cmpi/e 17, 0, 5;
    %flag_or 4, 8;
    %flag_mov 8, 4;
    %load/vec4 v0000022dfaa6ac50_0;
    %parti/s 5, 11, 5;
    %cmpi/e 10, 0, 5;
    %flag_or 4, 8;
    %flag_mov 8, 4;
    %load/vec4 v0000022dfaa6ac50_0;
    %parti/s 5, 11, 5;
    %cmpi/e 11, 0, 5;
    %flag_or 4, 8;
    %flag_mov 8, 4;
    %load/vec4 v0000022dfaa6ac50_0;
    %parti/s 5, 11, 5;
    %cmpi/e 18, 0, 5;
    %flag_or 4, 8;
    %flag_mov 8, 4;
    %load/vec4 v0000022dfaa6ac50_0;
    %parti/s 5, 11, 5;
    %cmpi/e 12, 0, 5;
    %flag_or 4, 8;
    %flag_mov 8, 4;
    %load/vec4 v0000022dfaa6ac50_0;
    %parti/s 5, 11, 5;
    %cmpi/e 13, 0, 5;
    %flag_or 4, 8;
    %flag_mov 8, 4;
    %load/vec4 v0000022dfaa6ac50_0;
    %parti/s 5, 11, 5;
    %cmpi/e 14, 0, 5;
    %flag_or 4, 8;
    %flag_mov 8, 4;
    %load/vec4 v0000022dfaa6ac50_0;
    %parti/s 5, 11, 5;
    %cmpi/e 15, 0, 5;
    %flag_or 4, 8;
    %flag_mov 8, 4;
    %load/vec4 v0000022dfaa6ac50_0;
    %parti/s 5, 11, 5;
    %cmpi/e 4, 0, 5;
    %flag_or 4, 8;
    %flag_mov 8, 4;
    %load/vec4 v0000022dfaa6ac50_0;
    %parti/s 5, 11, 5;
    %cmpi/e 6, 0, 5;
    %flag_or 4, 8;
    %flag_mov 8, 4;
    %load/vec4 v0000022dfaa6ac50_0;
    %parti/s 5, 11, 5;
    %cmpi/e 5, 0, 5;
    %flag_or 4, 8;
    %flag_mov 8, 4;
    %load/vec4 v0000022dfaa6ac50_0;
    %parti/s 5, 11, 5;
    %cmpi/e 7, 0, 5;
    %flag_or 4, 8;
    %jmp/0xz  T_11.4, 4;
    %load/vec4 v0000022dfaa6a390_0;
    %assign/vec4 v0000022dfaa6b290_0, 0;
    %load/vec4 v0000022dfa9fc180_0;
    %cmpi/e 0, 0, 16;
    %jmp/0xz  T_11.6, 4;
    %pushi/vec4 1, 0, 1;
    %assign/vec4 v0000022dfaa6c380_0, 0;
    %jmp T_11.7;
T_11.6 ;
    %pushi/vec4 0, 0, 1;
    %assign/vec4 v0000022dfaa6c380_0, 0;
T_11.7 ;
    %load/vec4 v0000022dfa9fc180_0;
    %parti/s 1, 15, 5;
    %cmpi/e 1, 0, 1;
    %jmp/0xz  T_11.8, 4;
    %pushi/vec4 1, 0, 1;
    %assign/vec4 v0000022dfaa6b150_0, 0;
    %jmp T_11.9;
T_11.8 ;
    %pushi/vec4 0, 0, 1;
    %assign/vec4 v0000022dfaa6b150_0, 0;
T_11.9 ;
    %jmp T_11.5;
T_11.4 ;
    %load/vec4 v0000022dfaa6c380_0;
    %assign/vec4 v0000022dfaa6c380_0, 0;
    %load/vec4 v0000022dfaa6b150_0;
    %assign/vec4 v0000022dfaa6b150_0, 0;
    %load/vec4 v0000022dfaa6b290_0;
    %assign/vec4 v0000022dfaa6b290_0, 0;
T_11.5 ;
    %load/vec4 v0000022dfaa6ac50_0;
    %parti/s 5, 11, 5;
    %cmpi/e 3, 0, 5;
    %jmp/0xz  T_11.10, 4;
    %pushi/vec4 1, 0, 1;
    %assign/vec4 v0000022dfaa6a6b0_0, 0;
    %load/vec4 v0000022dfaa697b0_0;
    %assign/vec4 v0000022dfaa69990_0, 0;
    %jmp T_11.11;
T_11.10 ;
    %pushi/vec4 0, 0, 1;
    %assign/vec4 v0000022dfaa6a6b0_0, 0;
    %load/vec4 v0000022dfaa69990_0;
    %assign/vec4 v0000022dfaa69990_0, 0;
T_11.11 ;
T_11.2 ;
T_11.1 ;
    %jmp T_11;
    .thread T_11;
    .scope S_0000022dfa9eb890;
T_12 ;
    %wait E_0000022dfaa08030;
    %load/vec4 v0000022dfaa6ac50_0;
    %parti/s 5, 11, 5;
    %cmpi/e 13, 0, 5;
    %jmp/0xz  T_12.0, 4;
    %pushi/vec4 0, 0, 1;
    %assign/vec4 v0000022dfaa6a390_0, 0;
    %load/vec4 v0000022dfaa69530_0;
    %load/vec4 v0000022dfaa695d0_0;
    %and;
    %assign/vec4 v0000022dfa9fc180_0, 0;
    %jmp T_12.1;
T_12.0 ;
    %load/vec4 v0000022dfaa6ac50_0;
    %parti/s 5, 11, 5;
    %cmpi/e 14, 0, 5;
    %jmp/0xz  T_12.2, 4;
    %pushi/vec4 0, 0, 1;
    %assign/vec4 v0000022dfaa6a390_0, 0;
    %load/vec4 v0000022dfaa69530_0;
    %load/vec4 v0000022dfaa695d0_0;
    %or;
    %assign/vec4 v0000022dfa9fc180_0, 0;
    %jmp T_12.3;
T_12.2 ;
    %load/vec4 v0000022dfaa6ac50_0;
    %parti/s 5, 11, 5;
    %cmpi/e 15, 0, 5;
    %jmp/0xz  T_12.4, 4;
    %pushi/vec4 0, 0, 1;
    %assign/vec4 v0000022dfaa6a390_0, 0;
    %load/vec4 v0000022dfaa69530_0;
    %load/vec4 v0000022dfaa695d0_0;
    %xor;
    %assign/vec4 v0000022dfa9fc180_0, 0;
    %jmp T_12.5;
T_12.4 ;
    %load/vec4 v0000022dfaa6ac50_0;
    %parti/s 5, 11, 5;
    %cmpi/e 4, 0, 5;
    %jmp/0xz  T_12.6, 4;
    %load/vec4 v0000022dfaa6b290_0;
    %load/vec4 v0000022dfaa69530_0;
    %concat/vec4; draw_concat_vec4
    %load/vec4 v0000022dfaa695d0_0;
    %parti/s 4, 0, 2;
    %ix/vec4 4;
    %shiftl 4;
    %split/vec4 16;
    %assign/vec4 v0000022dfa9fc180_0, 0;
    %assign/vec4 v0000022dfaa6a390_0, 0;
    %jmp T_12.7;
T_12.6 ;
    %load/vec4 v0000022dfaa6ac50_0;
    %parti/s 5, 11, 5;
    %cmpi/e 6, 0, 5;
    %jmp/0xz  T_12.8, 4;
    %load/vec4 v0000022dfaa69530_0;
    %load/vec4 v0000022dfaa6b290_0;
    %concat/vec4; draw_concat_vec4
    %load/vec4 v0000022dfaa695d0_0;
    %parti/s 4, 0, 2;
    %ix/vec4 4;
    %shiftr 4;
    %split/vec4 1;
    %assign/vec4 v0000022dfaa6a390_0, 0;
    %assign/vec4 v0000022dfa9fc180_0, 0;
    %jmp T_12.9;
T_12.8 ;
    %load/vec4 v0000022dfaa6ac50_0;
    %parti/s 5, 11, 5;
    %cmpi/e 5, 0, 5;
    %jmp/0xz  T_12.10, 4;
    %load/vec4 v0000022dfaa6b290_0;
    %load/vec4 v0000022dfaa69530_0;
    %concat/vec4; draw_concat_vec4
    %load/vec4 v0000022dfaa695d0_0;
    %parti/s 4, 0, 2;
    %ix/vec4 4;
    %shiftl 4;
    %split/vec4 16;
    %assign/vec4 v0000022dfa9fc180_0, 0;
    %assign/vec4 v0000022dfaa6a390_0, 0;
    %jmp T_12.11;
T_12.10 ;
    %load/vec4 v0000022dfaa6ac50_0;
    %parti/s 5, 11, 5;
    %cmpi/e 7, 0, 5;
    %jmp/0xz  T_12.12, 4;
    %load/vec4 v0000022dfaa69530_0;
    %load/vec4 v0000022dfaa6b290_0;
    %concat/vec4; draw_concat_vec4
    %load/vec4 v0000022dfaa695d0_0;
    %parti/s 4, 0, 2;
    %ix/vec4 4;
    %shiftr 4;
    %split/vec4 1;
    %assign/vec4 v0000022dfaa6a390_0, 0;
    %assign/vec4 v0000022dfa9fc180_0, 0;
    %jmp T_12.13;
T_12.12 ;
    %load/vec4 v0000022dfaa6ac50_0;
    %parti/s 5, 11, 5;
    %cmpi/e 10, 0, 5;
    %flag_mov 8, 4;
    %load/vec4 v0000022dfaa6ac50_0;
    %parti/s 5, 11, 5;
    %cmpi/e 11, 0, 5;
    %flag_or 4, 8;
    %flag_mov 8, 4;
    %load/vec4 v0000022dfaa6ac50_0;
    %parti/s 5, 11, 5;
    %cmpi/e 12, 0, 5;
    %flag_or 4, 8;
    %flag_mov 8, 4;
    %load/vec4 v0000022dfaa6ac50_0;
    %parti/s 5, 11, 5;
    %cmpi/e 19, 0, 5;
    %flag_or 4, 8;
    %jmp/0xz  T_12.14, 4;
    %load/vec4 v0000022dfaa69530_0;
    %pad/u 17;
    %load/vec4 v0000022dfaa695d0_0;
    %pad/u 17;
    %sub;
    %split/vec4 16;
    %assign/vec4 v0000022dfa9fc180_0, 0;
    %assign/vec4 v0000022dfaa6a390_0, 0;
    %jmp T_12.15;
T_12.14 ;
    %load/vec4 v0000022dfaa6ac50_0;
    %parti/s 5, 11, 5;
    %cmpi/e 18, 0, 5;
    %jmp/0xz  T_12.16, 4;
    %load/vec4 v0000022dfaa69530_0;
    %pad/u 17;
    %load/vec4 v0000022dfaa695d0_0;
    %pad/u 17;
    %sub;
    %load/vec4 v0000022dfaa6b290_0;
    %pad/u 17;
    %sub;
    %split/vec4 16;
    %assign/vec4 v0000022dfa9fc180_0, 0;
    %assign/vec4 v0000022dfaa6a390_0, 0;
    %jmp T_12.17;
T_12.16 ;
    %load/vec4 v0000022dfaa6ac50_0;
    %parti/s 5, 11, 5;
    %cmpi/e 17, 0, 5;
    %jmp/0xz  T_12.18, 4;
    %load/vec4 v0000022dfaa69530_0;
    %pad/u 17;
    %load/vec4 v0000022dfaa695d0_0;
    %pad/u 17;
    %add;
    %load/vec4 v0000022dfaa6b290_0;
    %pad/u 17;
    %add;
    %split/vec4 16;
    %assign/vec4 v0000022dfa9fc180_0, 0;
    %assign/vec4 v0000022dfaa6a390_0, 0;
    %jmp T_12.19;
T_12.18 ;
    %load/vec4 v0000022dfaa69530_0;
    %pad/u 17;
    %load/vec4 v0000022dfaa695d0_0;
    %pad/u 17;
    %add;
    %split/vec4 16;
    %assign/vec4 v0000022dfa9fc180_0, 0;
    %assign/vec4 v0000022dfaa6a390_0, 0;
T_12.19 ;
T_12.17 ;
T_12.15 ;
T_12.13 ;
T_12.11 ;
T_12.9 ;
T_12.7 ;
T_12.5 ;
T_12.3 ;
T_12.1 ;
    %jmp T_12;
    .thread T_12, $push;
    .scope S_0000022dfa9eb890;
T_13 ;
    %wait E_0000022dfaa079b0;
    %load/vec4 v0000022dfaa698f0_0;
    %nor/r;
    %flag_set/vec4 8;
    %jmp/0xz  T_13.0, 8;
    %pushi/vec4 0, 0, 16;
    %assign/vec4 v0000022dfaa6cec0_0, 0;
    %pushi/vec4 0, 0, 16;
    %assign/vec4 v0000022dfaa69670_0, 0;
    %jmp T_13.1;
T_13.0 ;
    %load/vec4 v0000022dfaa6bc00_0;
    %cmpi/e 1, 0, 1;
    %jmp/0xz  T_13.2, 4;
    %load/vec4 v0000022dfaa6b010_0;
    %assign/vec4 v0000022dfaa6cec0_0, 0;
    %load/vec4 v0000022dfaa6b010_0;
    %parti/s 5, 11, 5;
    %cmpi/e 2, 0, 5;
    %jmp/0xz  T_13.4, 4;
    %load/vec4 v0000022dfaa6aa70_0;
    %assign/vec4 v0000022dfaa69670_0, 0;
    %jmp T_13.5;
T_13.4 ;
    %load/vec4 v0000022dfaa69710_0;
    %assign/vec4 v0000022dfaa69670_0, 0;
T_13.5 ;
T_13.2 ;
T_13.1 ;
    %jmp T_13;
    .thread T_13;
    .scope S_0000022dfa9eb890;
T_14 ;
    %wait E_0000022dfaa079b0;
    %load/vec4 v0000022dfaa698f0_0;
    %nor/r;
    %flag_set/vec4 8;
    %jmp/0xz  T_14.0, 8;
    %pushi/vec4 0, 0, 16;
    %ix/load 3, 0, 0;
    %flag_set/imm 4, 0;
    %ix/load 4, 0, 0; Constant delay
    %assign/vec4/a/d v0000022dfaa6acf0, 0, 4;
    %pushi/vec4 0, 0, 16;
    %ix/load 3, 1, 0;
    %flag_set/imm 4, 0;
    %ix/load 4, 0, 0; Constant delay
    %assign/vec4/a/d v0000022dfaa6acf0, 0, 4;
    %pushi/vec4 0, 0, 16;
    %ix/load 3, 2, 0;
    %flag_set/imm 4, 0;
    %ix/load 4, 0, 0; Constant delay
    %assign/vec4/a/d v0000022dfaa6acf0, 0, 4;
    %pushi/vec4 0, 0, 16;
    %ix/load 3, 3, 0;
    %flag_set/imm 4, 0;
    %ix/load 4, 0, 0; Constant delay
    %assign/vec4/a/d v0000022dfaa6acf0, 0, 4;
    %pushi/vec4 0, 0, 16;
    %ix/load 3, 4, 0;
    %flag_set/imm 4, 0;
    %ix/load 4, 0, 0; Constant delay
    %assign/vec4/a/d v0000022dfaa6acf0, 0, 4;
    %pushi/vec4 0, 0, 16;
    %ix/load 3, 5, 0;
    %flag_set/imm 4, 0;
    %ix/load 4, 0, 0; Constant delay
    %assign/vec4/a/d v0000022dfaa6acf0, 0, 4;
    %pushi/vec4 0, 0, 16;
    %ix/load 3, 6, 0;
    %flag_set/imm 4, 0;
    %ix/load 4, 0, 0; Constant delay
    %assign/vec4/a/d v0000022dfaa6acf0, 0, 4;
    %pushi/vec4 0, 0, 16;
    %ix/load 3, 7, 0;
    %flag_set/imm 4, 0;
    %ix/load 4, 0, 0; Constant delay
    %assign/vec4/a/d v0000022dfaa6acf0, 0, 4;
    %jmp T_14.1;
T_14.0 ;
    %load/vec4 v0000022dfaa6bc00_0;
    %cmpi/e 1, 0, 1;
    %jmp/0xz  T_14.2, 4;
    %load/vec4 v0000022dfaa6cec0_0;
    %parti/s 5, 11, 5;
    %store/vec4 v0000022dfa9fc0e0_0, 0, 5;
    %callf/vec4 TD_pcpu_tb.u1.I_REG_TYPE, S_0000022dfa982700;
    %flag_set/vec4 8;
    %jmp/0xz  T_14.4, 8;
    %load/vec4 v0000022dfaa69670_0;
    %load/vec4 v0000022dfaa6cec0_0;
    %parti/s 3, 8, 5;
    %pad/u 5;
    %ix/vec4 3;
    %ix/load 4, 0, 0; Constant delay
    %assign/vec4/a/d v0000022dfaa6acf0, 0, 4;
T_14.4 ;
T_14.2 ;
T_14.1 ;
    %jmp T_14;
    .thread T_14;
    .scope S_0000022dfaa0edc0;
T_15 ;
    %delay 10, 0;
    %load/vec4 v0000022dfaa6c420_0;
    %inv;
    %store/vec4 v0000022dfaa6c420_0, 0, 1;
    %jmp T_15;
    .thread T_15;
    .scope S_0000022dfaa0edc0;
T_16 ;
    %pushi/vec4 0, 0, 1;
    %store/vec4 v0000022dfaa6c420_0, 0, 1;
    %pushi/vec4 0, 0, 1;
    %store/vec4 v0000022dfaa6d1e0_0, 0, 1;
    %pushi/vec4 0, 0, 1;
    %store/vec4 v0000022dfaa6c920_0, 0, 1;
    %pushi/vec4 0, 0, 1;
    %store/vec4 v0000022dfaa6d000_0, 0, 1;
    %pushi/vec4 0, 0, 16;
    %store/vec4 v0000022dfaa6c880_0, 0, 16;
    %pushi/vec4 0, 0, 16;
    %store/vec4 v0000022dfaa6d780_0, 0, 16;
    %delay 20, 0;
    %pushi/vec4 1, 0, 1;
    %store/vec4 v0000022dfaa6c920_0, 0, 1;
    %delay 20, 0;
    %pushi/vec4 1, 0, 1;
    %store/vec4 v0000022dfaa6d1e0_0, 0, 1;
    %delay 20, 0;
    %pushi/vec4 1, 0, 1;
    %store/vec4 v0000022dfaa6d000_0, 0, 1;
    %delay 400, 0;
    %vpi_call 2 38 "$finish" {0 0 0};
    %end;
    .thread T_16;
    .scope S_0000022dfaa0edc0;
T_17 ;
    %vpi_call 2 43 "$monitor", $time, ":rst=%b clk=%b ena=%d start=%d", v0000022dfaa6c920_0, v0000022dfaa6c420_0, v0000022dfaa6d1e0_0, v0000022dfaa6d000_0 {0 0 0};
    %end;
    .thread T_17;
    .scope S_0000022dfaa0edc0;
T_18 ;
    %vpi_call 2 47 "$dumpfile", "./build/pcpu_wave.vcd" {0 0 0};
    %vpi_call 2 48 "$dumpvars", 32'sb00000000000000000000000000000000, S_0000022dfaa0edc0 {0 0 0};
    %delay 10000, 0;
    %vpi_call 2 49 "$finish" {0 0 0};
    %end;
    .thread T_18;
# The file index is used to find the file name in the following table.
:file_names 4;
    "N/A";
    "<interactive>";
    "tb_pcpu.v";
    "./pcpu.v";
