#! /c/Source/iverilog-install/bin/vvp
:ivl_version "12.0 (devel)" "(s20150603-1110-g18392a46)";
:ivl_delay_selection "TYPICAL";
:vpi_time_precision - 8;
:vpi_module "D:\DevTools\iverilog\lib\ivl\system.vpi";
:vpi_module "D:\DevTools\iverilog\lib\ivl\vhdl_sys.vpi";
:vpi_module "D:\DevTools\iverilog\lib\ivl\vhdl_textio.vpi";
:vpi_module "D:\DevTools\iverilog\lib\ivl\v2005_math.vpi";
:vpi_module "D:\DevTools\iverilog\lib\ivl\va_math.vpi";
S_000001eddcab6110 .scope module, "main" "main" 2 8;
 .timescale -8 -8;
v000001eddca82f70_0 .var "clk", 0 0;
S_000001eddcab62a0 .scope module, "u_v1" "v1" 2 16, 3 1 0, S_000001eddcab6110;
 .timescale 0 0;
S_000001eddcab6430 .scope module, "u_v2" "v2" 2 17, 4 1 0, S_000001eddcab6110;
 .timescale 0 0;
S_000001eddcab4fe0 .scope module, "u_v3" "v3" 2 18, 5 1 0, S_000001eddcab6110;
 .timescale 0 0;
S_000001eddcab5170 .scope module, "u_v4" "v4" 2 19, 6 3 0, S_000001eddcab6110;
 .timescale 0 0;
    .port_info 0 /INPUT 1 "clk";
v000001eddca6d1e0_0 .net "clk", 0 0, v000001eddca82f70_0;  1 drivers
S_000001eddcab5300 .scope module, "u_v5" "v5" 6 6, 7 1 0, S_000001eddcab5170;
 .timescale 0 0;
    .port_info 0 /INPUT 1 "clk";
v000001eddca6b620_0 .net "clk", 0 0, v000001eddca82f70_0;  alias, 1 drivers
E_000001eddca6de50 .event posedge, v000001eddca6b620_0;
    .scope S_000001eddcab62a0;
T_0 ;
    %vpi_call 3 3 "$display", "I am v1" {0 0 0};
    %end;
    .thread T_0;
    .scope S_000001eddcab6430;
T_1 ;
    %vpi_call 4 3 "$display", "I am v2" {0 0 0};
    %end;
    .thread T_1;
    .scope S_000001eddcab4fe0;
T_2 ;
    %vpi_call 5 3 "$display", "I am v3" {0 0 0};
    %end;
    .thread T_2;
    .scope S_000001eddcab5300;
T_3 ;
    %wait E_000001eddca6de50;
    %vpi_call 7 4 "$display", "I am called by v4" {0 0 0};
    %jmp T_3;
    .thread T_3;
    .scope S_000001eddcab6110;
T_4 ;
    %pushi/vec4 0, 0, 1;
    %assign/vec4 v000001eddca82f70_0, 0;
    %delay 100, 0;
    %vpi_call 2 13 "$finish" {0 0 0};
    %end;
    .thread T_4;
    .scope S_000001eddcab6110;
T_5 ;
    %delay 10, 0;
    %load/vec4 v000001eddca82f70_0;
    %nor/r;
    %store/vec4 v000001eddca82f70_0, 0, 1;
    %jmp T_5;
    .thread T_5;
# The file index is used to find the file name in the following table.
:file_names 8;
    "N/A";
    "<interactive>";
    "main.v";
    "./v1.v";
    "./v2.v";
    "./v3.v";
    "././folder/v4.v";
    "././folder/v5.v";
