#! /c/Source/iverilog-install/bin/vvp
:ivl_version "12.0 (devel)" "(s20150603-1110-g18392a46)";
:ivl_delay_selection "TYPICAL";
:vpi_time_precision - 9;
:vpi_module "D:\DevTools\iverilog\lib\ivl\system.vpi";
:vpi_module "D:\DevTools\iverilog\lib\ivl\vhdl_sys.vpi";
:vpi_module "D:\DevTools\iverilog\lib\ivl\vhdl_textio.vpi";
:vpi_module "D:\DevTools\iverilog\lib\ivl\v2005_math.vpi";
:vpi_module "D:\DevTools\iverilog\lib\ivl\va_math.vpi";
S_00000215302a4820 .scope module, "half_adder1_tb" "half_adder1_tb" 2 3;
 .timescale -9 -9;
P_00000215303ccc90 .param/l "DELAY" 0 2 6, +C4<00000000000000000000000000010100>;
v0000021530283030_0 .var "a", 0 0;
v00000215302830d0_0 .var "b", 0 0;
v0000021530283170_0 .net "cout", 0 0, L_00000215302a4b40;  1 drivers
v0000021530283210_0 .net "sum", 0 0, L_00000215303cb460;  1 drivers
S_00000215302a49b0 .scope module, "u1" "half_adder1" 2 8, 3 2 0, S_00000215302a4820;
 .timescale -9 -9;
    .port_info 0 /INPUT 1 "a";
    .port_info 1 /INPUT 1 "b";
    .port_info 2 /OUTPUT 1 "sum";
    .port_info 3 /OUTPUT 1 "cout";
L_00000215302a4b40 .functor AND 1, v0000021530283030_0, v00000215302830d0_0, C4<1>, C4<1>;
L_00000215303cb460 .functor XOR 1, v0000021530283030_0, v00000215302830d0_0, C4<0>, C4<0>;
v00000215303cc380_0 .net "a", 0 0, v0000021530283030_0;  1 drivers
v00000215303cc420_0 .net "b", 0 0, v00000215302830d0_0;  1 drivers
v00000215302b5cf0_0 .net "cout", 0 0, L_00000215302a4b40;  alias, 1 drivers
v0000021530282f90_0 .net "sum", 0 0, L_00000215303cb460;  alias, 1 drivers
    .scope S_00000215302a4820;
T_0 ;
    %pushi/vec4 0, 0, 1;
    %store/vec4 v0000021530283030_0, 0, 1;
    %pushi/vec4 0, 0, 1;
    %store/vec4 v00000215302830d0_0, 0, 1;
    %delay 20, 0;
    %pushi/vec4 0, 0, 1;
    %store/vec4 v0000021530283030_0, 0, 1;
    %pushi/vec4 1, 0, 1;
    %store/vec4 v00000215302830d0_0, 0, 1;
    %delay 20, 0;
    %pushi/vec4 1, 0, 1;
    %store/vec4 v0000021530283030_0, 0, 1;
    %pushi/vec4 0, 0, 1;
    %store/vec4 v00000215302830d0_0, 0, 1;
    %delay 20, 0;
    %pushi/vec4 1, 0, 1;
    %store/vec4 v0000021530283030_0, 0, 1;
    %pushi/vec4 1, 0, 1;
    %store/vec4 v00000215302830d0_0, 0, 1;
    %delay 20, 0;
    %vpi_call 2 15 "$finish" {0 0 0};
    %end;
    .thread T_0;
    .scope S_00000215302a4820;
T_1 ;
    %vpi_call 2 20 "$monitor", $time, ": (a,b)=(%d,%d), (sum,cout)=(%d,%d)", v0000021530283030_0, v00000215302830d0_0, v0000021530283210_0, v0000021530283170_0 {0 0 0};
    %end;
    .thread T_1;
    .scope S_00000215302a4820;
T_2 ;
    %vpi_call 2 24 "$dumpfile", "./build/half_adder1_wave.vcd" {0 0 0};
    %vpi_call 2 25 "$dumpvars", 32'sb00000000000000000000000000000000, S_00000215302a4820 {0 0 0};
    %end;
    .thread T_2;
# The file index is used to find the file name in the following table.
:file_names 4;
    "N/A";
    "<interactive>";
    "half_adder1_tb.v";
    "./half_adder1.v";
