#! /c/Source/iverilog-install/bin/vvp
:ivl_version "12.0 (devel)" "(s20150603-1110-g18392a46)";
:ivl_delay_selection "TYPICAL";
:vpi_time_precision - 9;
:vpi_module "D:\DevTools\iverilog\lib\ivl\system.vpi";
:vpi_module "D:\DevTools\iverilog\lib\ivl\vhdl_sys.vpi";
:vpi_module "D:\DevTools\iverilog\lib\ivl\vhdl_textio.vpi";
:vpi_module "D:\DevTools\iverilog\lib\ivl\v2005_math.vpi";
:vpi_module "D:\DevTools\iverilog\lib\ivl\va_math.vpi";
S_0000025f9a78b9a0 .scope module, "counter4_10_tb" "counter4_10_tb" 2 4;
 .timescale -9 -9;
P_0000025f9a6891d0 .param/l "DELAY" 0 2 8, +C4<00000000000000000000000000010100>;
v0000025f9a684630_0 .var "clk", 0 0;
v0000025f9a6846d0_0 .var "clr", 0 0;
v0000025f9a684770_0 .var "m", 7 0;
v0000025f9a6864f0_0 .net "q", 7 0, v0000025f9a684590_0;  1 drivers
S_0000025f9a78bb30 .scope module, "uc" "mchange_1" 2 10, 3 2 0, S_0000025f9a78b9a0;
 .timescale -9 -9;
    .port_info 0 /OUTPUT 8 "q";
    .port_info 1 /INPUT 1 "clk";
    .port_info 2 /INPUT 1 "clr";
    .port_info 3 /INPUT 8 "m";
v0000025f9a78b500_0 .net "clk", 0 0, v0000025f9a684630_0;  1 drivers
v0000025f9a78c400_0 .net "clr", 0 0, v0000025f9a6846d0_0;  1 drivers
v0000025f9a684450_0 .net "m", 7 0, v0000025f9a684770_0;  1 drivers
v0000025f9a6844f0_0 .var "md", 7 0;
v0000025f9a684590_0 .var "q", 7 0;
E_0000025f9a688c90 .event posedge, v0000025f9a78b500_0;
    .scope S_0000025f9a78bb30;
T_0 ;
    %wait E_0000025f9a688c90;
    %load/vec4 v0000025f9a684450_0;
    %subi 1, 0, 8;
    %assign/vec4 v0000025f9a6844f0_0, 0;
    %load/vec4 v0000025f9a78c400_0;
    %flag_set/vec4 8;
    %jmp/0xz  T_0.0, 8;
    %pushi/vec4 0, 0, 8;
    %assign/vec4 v0000025f9a684590_0, 0;
    %jmp T_0.1;
T_0.0 ;
    %load/vec4 v0000025f9a684590_0;
    %load/vec4 v0000025f9a6844f0_0;
    %cmp/e;
    %jmp/0xz  T_0.2, 4;
    %pushi/vec4 0, 0, 8;
    %assign/vec4 v0000025f9a684590_0, 0;
    %jmp T_0.3;
T_0.2 ;
    %load/vec4 v0000025f9a684590_0;
    %addi 1, 0, 8;
    %assign/vec4 v0000025f9a684590_0, 0;
T_0.3 ;
T_0.1 ;
    %jmp T_0;
    .thread T_0;
    .scope S_0000025f9a78b9a0;
T_1 ;
    %delay 10, 0;
    %load/vec4 v0000025f9a684630_0;
    %inv;
    %store/vec4 v0000025f9a684630_0, 0, 1;
    %jmp T_1;
    .thread T_1;
    .scope S_0000025f9a78b9a0;
T_2 ;
    %pushi/vec4 10, 0, 8;
    %store/vec4 v0000025f9a684770_0, 0, 8;
    %pushi/vec4 0, 0, 1;
    %store/vec4 v0000025f9a684630_0, 0, 1;
    %pushi/vec4 0, 0, 1;
    %store/vec4 v0000025f9a6846d0_0, 0, 1;
    %delay 20, 0;
    %pushi/vec4 1, 0, 1;
    %store/vec4 v0000025f9a6846d0_0, 0, 1;
    %delay 20, 0;
    %pushi/vec4 0, 0, 1;
    %store/vec4 v0000025f9a6846d0_0, 0, 1;
    %delay 400, 0;
    %pushi/vec4 20, 0, 8;
    %store/vec4 v0000025f9a684770_0, 0, 8;
    %delay 800, 0;
    %pushi/vec4 30, 0, 8;
    %store/vec4 v0000025f9a684770_0, 0, 8;
    %delay 1000, 0;
    %vpi_call 2 22 "$finish" {0 0 0};
    %end;
    .thread T_2;
    .scope S_0000025f9a78b9a0;
T_3 ;
    %vpi_call 2 27 "$monitor", $time, ": clk=%b clr=%b m=%d q=%d", v0000025f9a684630_0, v0000025f9a6846d0_0, v0000025f9a684770_0, v0000025f9a6864f0_0 {0 0 0};
    %end;
    .thread T_3;
    .scope S_0000025f9a78b9a0;
T_4 ;
    %vpi_call 2 32 "$dumpfile", "./build/counter4_10_wave.vcd" {0 0 0};
    %vpi_call 2 33 "$dumpvars", 32'sb00000000000000000000000000000000, S_0000025f9a78b9a0 {0 0 0};
    %end;
    .thread T_4;
# The file index is used to find the file name in the following table.
:file_names 4;
    "N/A";
    "<interactive>";
    "counter4_10_tb.v";
    "./counter4_10.v";
