#! /c/Source/iverilog-install/bin/vvp
:ivl_version "12.0 (devel)" "(s20150603-1110-g18392a46)";
:ivl_delay_selection "TYPICAL";
:vpi_time_precision - 9;
:vpi_module "D:\DevTools\iverilog\lib\ivl\system.vpi";
:vpi_module "D:\DevTools\iverilog\lib\ivl\vhdl_sys.vpi";
:vpi_module "D:\DevTools\iverilog\lib\ivl\vhdl_textio.vpi";
:vpi_module "D:\DevTools\iverilog\lib\ivl\v2005_math.vpi";
:vpi_module "D:\DevTools\iverilog\lib\ivl\va_math.vpi";
S_0000020f1192c1d0 .scope module, "counter4_2_tb" "counter4_2_tb" 2 4;
 .timescale -9 -9;
P_0000020f1192c510 .param/l "DELAY" 0 2 7, +C4<00000000000000000000000000010100>;
v0000020f1192c400_0 .var "clk", 0 0;
v0000020f11966480_0 .net "out", 3 0, v0000020f11976020_0;  1 drivers
v0000020f11966520_0 .var "rst", 0 0;
S_0000020f119662f0 .scope module, "uc4" "counter4_2" 2 9, 3 4 0, S_0000020f1192c1d0;
 .timescale -9 -9;
    .port_info 0 /OUTPUT 4 "out";
    .port_info 1 /INPUT 1 "clk";
    .port_info 2 /INPUT 1 "rst";
v0000020f1192a0f0_0 .net "clk", 0 0, v0000020f1192c400_0;  1 drivers
v0000020f11976020_0 .var "out", 3 0;
v0000020f1192c360_0 .net "rst", 0 0, v0000020f11966520_0;  1 drivers
E_0000020f1192c850 .event anyedge, v0000020f1192c360_0, v0000020f1192a0f0_0;
    .scope S_0000020f119662f0;
T_0 ;
    %wait E_0000020f1192c850;
    %load/vec4 v0000020f1192c360_0;
    %flag_set/vec4 8;
    %jmp/0xz  T_0.0, 8;
    %pushi/vec4 0, 0, 4;
    %store/vec4 v0000020f11976020_0, 0, 4;
    %jmp T_0.1;
T_0.0 ;
    %load/vec4 v0000020f11976020_0;
    %addi 1, 0, 4;
    %store/vec4 v0000020f11976020_0, 0, 4;
T_0.1 ;
    %jmp T_0;
    .thread T_0, $push;
    .scope S_0000020f1192c1d0;
T_1 ;
    %delay 10, 0;
    %load/vec4 v0000020f1192c400_0;
    %inv;
    %store/vec4 v0000020f1192c400_0, 0, 1;
    %jmp T_1;
    .thread T_1;
    .scope S_0000020f1192c1d0;
T_2 ;
    %pushi/vec4 0, 0, 1;
    %store/vec4 v0000020f1192c400_0, 0, 1;
    %pushi/vec4 0, 0, 1;
    %store/vec4 v0000020f11966520_0, 0, 1;
    %delay 20, 0;
    %pushi/vec4 1, 0, 1;
    %store/vec4 v0000020f11966520_0, 0, 1;
    %delay 20, 0;
    %pushi/vec4 0, 0, 1;
    %store/vec4 v0000020f11966520_0, 0, 1;
    %delay 400, 0;
    %vpi_call 2 19 "$finish" {0 0 0};
    %end;
    .thread T_2;
    .scope S_0000020f1192c1d0;
T_3 ;
    %vpi_call 2 24 "$monitor", $time, ":rst=%b clk=%b out=%d", v0000020f11966520_0, v0000020f1192c400_0, v0000020f11966480_0 {0 0 0};
    %end;
    .thread T_3;
    .scope S_0000020f1192c1d0;
T_4 ;
    %vpi_call 2 28 "$dumpfile", "./build/counter4_2_wave.vcd" {0 0 0};
    %vpi_call 2 29 "$dumpvars", 32'sb00000000000000000000000000000000, S_0000020f1192c1d0 {0 0 0};
    %delay 10000, 0;
    %vpi_call 2 30 "$finish" {0 0 0};
    %end;
    .thread T_4;
# The file index is used to find the file name in the following table.
:file_names 4;
    "N/A";
    "<interactive>";
    "counter4_2_tb.v";
    "./counter4_2.v";
