#! /c/Source/iverilog-install/bin/vvp
:ivl_version "12.0 (devel)" "(s20150603-1110-g18392a46)";
:ivl_delay_selection "TYPICAL";
:vpi_time_precision + 0;
:vpi_module "D:\DevTools\iverilog\lib\ivl\system.vpi";
:vpi_module "D:\DevTools\iverilog\lib\ivl\vhdl_sys.vpi";
:vpi_module "D:\DevTools\iverilog\lib\ivl\vhdl_textio.vpi";
:vpi_module "D:\DevTools\iverilog\lib\ivl\v2005_math.vpi";
:vpi_module "D:\DevTools\iverilog\lib\ivl\va_math.vpi";
S_000001d83cf63040 .scope module, "mchange_1" "mchange_1" 2 2;
 .timescale 0 0;
    .port_info 0 /OUTPUT 8 "q";
    .port_info 1 /INPUT 1 "clk";
    .port_info 2 /INPUT 1 "clr";
    .port_info 3 /INPUT 8 "m";
o000001d83cf96fa8 .functor BUFZ 1, C4<z>; HiZ drive
v000001d83cf631d0_0 .net "clk", 0 0, o000001d83cf96fa8;  0 drivers
o000001d83cf96fd8 .functor BUFZ 1, C4<z>; HiZ drive
v000001d83cf63270_0 .net "clr", 0 0, o000001d83cf96fd8;  0 drivers
o000001d83cf97008 .functor BUFZ 8, C4<zzzzzzzz>; HiZ drive
v000001d83cf63310_0 .net "m", 7 0, o000001d83cf97008;  0 drivers
v000001d83d0adfa0_0 .var "md", 7 0;
v000001d83d0ae040_0 .var "q", 7 0;
E_000001d83d0a9310 .event posedge, v000001d83cf631d0_0;
    .scope S_000001d83cf63040;
T_0 ;
    %wait E_000001d83d0a9310;
    %load/vec4 v000001d83cf63310_0;
    %subi 1, 0, 8;
    %assign/vec4 v000001d83d0adfa0_0, 0;
    %load/vec4 v000001d83cf63270_0;
    %flag_set/vec4 8;
    %jmp/0xz  T_0.0, 8;
    %pushi/vec4 0, 0, 8;
    %assign/vec4 v000001d83d0ae040_0, 0;
    %jmp T_0.1;
T_0.0 ;
    %load/vec4 v000001d83d0ae040_0;
    %load/vec4 v000001d83d0adfa0_0;
    %cmp/e;
    %jmp/0xz  T_0.2, 4;
    %pushi/vec4 0, 0, 8;
    %assign/vec4 v000001d83d0ae040_0, 0;
    %jmp T_0.3;
T_0.2 ;
    %load/vec4 v000001d83d0ae040_0;
    %addi 1, 0, 8;
    %assign/vec4 v000001d83d0ae040_0, 0;
T_0.3 ;
T_0.1 ;
    %jmp T_0;
    .thread T_0;
# The file index is used to find the file name in the following table.
:file_names 3;
    "N/A";
    "<interactive>";
    "counter4_10.v";
