#! /c/Source/iverilog-install/bin/vvp
:ivl_version "12.0 (devel)" "(s20150603-1110-g18392a46)";
:ivl_delay_selection "TYPICAL";
:vpi_time_precision - 9;
:vpi_module "D:\DevTools\iverilog\lib\ivl\system.vpi";
:vpi_module "D:\DevTools\iverilog\lib\ivl\vhdl_sys.vpi";
:vpi_module "D:\DevTools\iverilog\lib\ivl\vhdl_textio.vpi";
:vpi_module "D:\DevTools\iverilog\lib\ivl\v2005_math.vpi";
:vpi_module "D:\DevTools\iverilog\lib\ivl\va_math.vpi";
S_000002807705b710 .scope module, "counter4_7_tb" "counter4_7_tb" 2 4;
 .timescale -9 -9;
P_0000028076f89760 .param/l "DELAY" 0 2 8, +C4<00000000000000000000000000010100>;
v0000028076f530d0_0 .var "clk", 0 0;
v0000028076f53170_0 .var "clr", 0 0;
v0000028076f53210_0 .net "co", 0 0, v000002807705e850_0;  1 drivers
v0000028076f532b0_0 .net "one", 3 0, v0000028076f52f90_0;  1 drivers
v0000028076f53350_0 .net "ten", 3 0, v0000028076f53030_0;  1 drivers
S_000002807705b8a0 .scope module, "uc" "cnt24" 2 10, 3 2 0, S_000002807705b710;
 .timescale -9 -9;
    .port_info 0 /OUTPUT 4 "ten";
    .port_info 1 /OUTPUT 4 "one";
    .port_info 2 /OUTPUT 1 "co";
    .port_info 3 /INPUT 1 "clk";
    .port_info 4 /INPUT 1 "clr";
v000002807705ba30_0 .net "clk", 0 0, v0000028076f530d0_0;  1 drivers
v000002807705bad0_0 .net "clr", 0 0, v0000028076f53170_0;  1 drivers
v000002807705e850_0 .var "co", 0 0;
v0000028076f52f90_0 .var "one", 3 0;
v0000028076f53030_0 .var "ten", 3 0;
E_0000028076f897a0 .event posedge, v000002807705ba30_0;
    .scope S_000002807705b8a0;
T_0 ;
    %wait E_0000028076f897a0;
    %load/vec4 v000002807705bad0_0;
    %flag_set/vec4 8;
    %jmp/0xz  T_0.0, 8;
    %pushi/vec4 0, 0, 4;
    %assign/vec4 v0000028076f53030_0, 0;
    %pushi/vec4 0, 0, 4;
    %assign/vec4 v0000028076f52f90_0, 0;
    %pushi/vec4 0, 0, 1;
    %assign/vec4 v000002807705e850_0, 0;
    %jmp T_0.1;
T_0.0 ;
    %load/vec4 v0000028076f53030_0;
    %load/vec4 v0000028076f52f90_0;
    %concat/vec4; draw_concat_vec4
    %cmpi/e 35, 0, 8;
    %jmp/0xz  T_0.2, 4;
    %pushi/vec4 0, 0, 4;
    %assign/vec4 v0000028076f53030_0, 0;
    %pushi/vec4 0, 0, 4;
    %assign/vec4 v0000028076f52f90_0, 0;
    %pushi/vec4 1, 0, 1;
    %assign/vec4 v000002807705e850_0, 0;
    %jmp T_0.3;
T_0.2 ;
    %load/vec4 v0000028076f52f90_0;
    %cmpi/e 9, 0, 4;
    %jmp/0xz  T_0.4, 4;
    %load/vec4 v0000028076f53030_0;
    %addi 1, 0, 4;
    %assign/vec4 v0000028076f53030_0, 0;
    %pushi/vec4 0, 0, 4;
    %assign/vec4 v0000028076f52f90_0, 0;
    %pushi/vec4 0, 0, 1;
    %assign/vec4 v000002807705e850_0, 0;
    %jmp T_0.5;
T_0.4 ;
    %load/vec4 v0000028076f52f90_0;
    %addi 1, 0, 4;
    %store/vec4 v0000028076f52f90_0, 0, 4;
    %pushi/vec4 0, 0, 1;
    %assign/vec4 v000002807705e850_0, 0;
T_0.5 ;
T_0.3 ;
T_0.1 ;
    %jmp T_0;
    .thread T_0;
    .scope S_000002807705b710;
T_1 ;
    %delay 10, 0;
    %load/vec4 v0000028076f530d0_0;
    %inv;
    %store/vec4 v0000028076f530d0_0, 0, 1;
    %jmp T_1;
    .thread T_1;
    .scope S_000002807705b710;
T_2 ;
    %pushi/vec4 0, 0, 1;
    %store/vec4 v0000028076f530d0_0, 0, 1;
    %pushi/vec4 0, 0, 1;
    %store/vec4 v0000028076f53170_0, 0, 1;
    %delay 20, 0;
    %pushi/vec4 1, 0, 1;
    %store/vec4 v0000028076f53170_0, 0, 1;
    %delay 20, 0;
    %pushi/vec4 0, 0, 1;
    %store/vec4 v0000028076f53170_0, 0, 1;
    %delay 1000, 0;
    %vpi_call 2 20 "$finish" {0 0 0};
    %end;
    .thread T_2;
    .scope S_000002807705b710;
T_3 ;
    %vpi_call 2 25 "$monitor", $time, ": clr=%b clk=%b co=%d ten=%d one=%d", v0000028076f53170_0, v0000028076f530d0_0, v0000028076f53210_0, v0000028076f53350_0, v0000028076f532b0_0 {0 0 0};
    %end;
    .thread T_3;
    .scope S_000002807705b710;
T_4 ;
    %vpi_call 2 29 "$dumpfile", "./build/counter4_7_wave.vcd" {0 0 0};
    %vpi_call 2 30 "$dumpvars", 32'sb00000000000000000000000000000000, S_000002807705b710 {0 0 0};
    %delay 10000, 0;
    %vpi_call 2 31 "$finish" {0 0 0};
    %end;
    .thread T_4;
# The file index is used to find the file name in the following table.
:file_names 4;
    "N/A";
    "<interactive>";
    "counter4_7_tb.v";
    "./counter4_7.v";
