#! /c/Source/iverilog-install/bin/vvp
:ivl_version "12.0 (devel)" "(s20150603-1110-g18392a46)";
:ivl_delay_selection "TYPICAL";
:vpi_time_precision - 9;
:vpi_module "D:\DevTools\iverilog\lib\ivl\system.vpi";
:vpi_module "D:\DevTools\iverilog\lib\ivl\vhdl_sys.vpi";
:vpi_module "D:\DevTools\iverilog\lib\ivl\vhdl_textio.vpi";
:vpi_module "D:\DevTools\iverilog\lib\ivl\v2005_math.vpi";
:vpi_module "D:\DevTools\iverilog\lib\ivl\va_math.vpi";
S_000001cdc6f6c190 .scope module, "counter4_3_tb" "counter4_3_tb" 2 4;
 .timescale -9 -9;
P_000001cdc6f69e70 .param/l "DELAY" 0 2 10, +C4<00000000000000000000000000010100>;
v000001cdc6f6bd10_0 .var "clk", 0 0;
v000001cdc6e20020_0 .net "co", 0 0, v000001cdc6f6e8d0_0;  1 drivers
v000001cdc6e200c0_0 .var "d", 3 0;
v000001cdc6e20160_0 .var "en", 0 0;
v000001cdc6e20200_0 .net "q", 3 0, v000001cdc6dd4790_0;  1 drivers
v000001cdc6e202a0_0 .var "r", 0 0;
v000001cdc6e20340_0 .var "s", 0 0;
S_000001cdc6f6c320 .scope module, "uc4" "counter4_3" 2 12, 3 4 0, S_000001cdc6f6c190;
 .timescale -9 -9;
    .port_info 0 /OUTPUT 1 "co";
    .port_info 1 /OUTPUT 4 "q";
    .port_info 2 /INPUT 1 "clk";
    .port_info 3 /INPUT 1 "r";
    .port_info 4 /INPUT 1 "s";
    .port_info 5 /INPUT 1 "en";
    .port_info 6 /INPUT 4 "d";
v000001cdc6f6bb30_0 .net "clk", 0 0, v000001cdc6f6bd10_0;  1 drivers
v000001cdc6f6e8d0_0 .var "co", 0 0;
v000001cdc6da3390_0 .net "d", 3 0, v000001cdc6e200c0_0;  1 drivers
v000001cdc6dd46f0_0 .net "en", 0 0, v000001cdc6e20160_0;  1 drivers
v000001cdc6dd4790_0 .var "q", 3 0;
v000001cdc6f6bbd0_0 .net "r", 0 0, v000001cdc6e202a0_0;  1 drivers
v000001cdc6f6bc70_0 .net "s", 0 0, v000001cdc6e20340_0;  1 drivers
E_000001cdc6f6a930 .event posedge, v000001cdc6f6bb30_0;
    .scope S_000001cdc6f6c320;
T_0 ;
    %wait E_000001cdc6f6a930;
    %load/vec4 v000001cdc6dd46f0_0;
    %flag_set/vec4 8;
    %jmp/0xz  T_0.0, 8;
    %load/vec4 v000001cdc6f6bbd0_0;
    %flag_set/vec4 8;
    %jmp/0xz  T_0.2, 8;
    %pushi/vec4 0, 0, 4;
    %store/vec4 v000001cdc6dd4790_0, 0, 4;
    %pushi/vec4 0, 0, 1;
    %store/vec4 v000001cdc6f6e8d0_0, 0, 1;
    %jmp T_0.3;
T_0.2 ;
    %load/vec4 v000001cdc6f6bc70_0;
    %flag_set/vec4 8;
    %jmp/0xz  T_0.4, 8;
    %load/vec4 v000001cdc6da3390_0;
    %store/vec4 v000001cdc6dd4790_0, 0, 4;
    %pushi/vec4 0, 0, 1;
    %store/vec4 v000001cdc6f6e8d0_0, 0, 1;
    %jmp T_0.5;
T_0.4 ;
    %load/vec4 v000001cdc6dd4790_0;
    %addi 1, 0, 4;
    %store/vec4 v000001cdc6dd4790_0, 0, 4;
    %load/vec4 v000001cdc6dd4790_0;
    %pad/u 32;
    %cmpi/e 0, 0, 32;
    %jmp/0xz  T_0.6, 4;
    %pushi/vec4 1, 0, 1;
    %store/vec4 v000001cdc6f6e8d0_0, 0, 1;
    %jmp T_0.7;
T_0.6 ;
    %pushi/vec4 0, 0, 1;
    %store/vec4 v000001cdc6f6e8d0_0, 0, 1;
T_0.7 ;
T_0.5 ;
T_0.3 ;
    %jmp T_0.1;
T_0.0 ;
    %pushi/vec4 15, 15, 4;
    %store/vec4 v000001cdc6dd4790_0, 0, 4;
    %pushi/vec4 1, 1, 1;
    %store/vec4 v000001cdc6f6e8d0_0, 0, 1;
T_0.1 ;
    %jmp T_0;
    .thread T_0;
    .scope S_000001cdc6f6c190;
T_1 ;
    %delay 10, 0;
    %load/vec4 v000001cdc6f6bd10_0;
    %inv;
    %store/vec4 v000001cdc6f6bd10_0, 0, 1;
    %jmp T_1;
    .thread T_1;
    .scope S_000001cdc6f6c190;
T_2 ;
    %pushi/vec4 0, 0, 1;
    %store/vec4 v000001cdc6f6bd10_0, 0, 1;
    %pushi/vec4 0, 0, 1;
    %store/vec4 v000001cdc6e202a0_0, 0, 1;
    %pushi/vec4 0, 0, 1;
    %store/vec4 v000001cdc6e20340_0, 0, 1;
    %pushi/vec4 0, 0, 1;
    %store/vec4 v000001cdc6e20160_0, 0, 1;
    %pushi/vec4 10, 0, 4;
    %store/vec4 v000001cdc6e200c0_0, 0, 4;
    %delay 20, 0;
    %pushi/vec4 1, 0, 1;
    %store/vec4 v000001cdc6e20160_0, 0, 1;
    %delay 20, 0;
    %pushi/vec4 1, 0, 1;
    %store/vec4 v000001cdc6e202a0_0, 0, 1;
    %pushi/vec4 0, 0, 1;
    %store/vec4 v000001cdc6e20340_0, 0, 1;
    %delay 20, 0;
    %pushi/vec4 1, 0, 1;
    %store/vec4 v000001cdc6e202a0_0, 0, 1;
    %pushi/vec4 1, 0, 1;
    %store/vec4 v000001cdc6e20340_0, 0, 1;
    %delay 20, 0;
    %pushi/vec4 0, 0, 1;
    %store/vec4 v000001cdc6e202a0_0, 0, 1;
    %pushi/vec4 1, 0, 1;
    %store/vec4 v000001cdc6e20340_0, 0, 1;
    %delay 20, 0;
    %pushi/vec4 0, 0, 1;
    %store/vec4 v000001cdc6e202a0_0, 0, 1;
    %pushi/vec4 0, 0, 1;
    %store/vec4 v000001cdc6e20340_0, 0, 1;
    %delay 800, 0;
    %vpi_call 2 25 "$finish" {0 0 0};
    %end;
    .thread T_2;
    .scope S_000001cdc6f6c190;
T_3 ;
    %vpi_call 2 30 "$monitor", $time, " :en=%b rst=%b set=%b init-val=%d cout=%b qout=%d", v000001cdc6e20160_0, v000001cdc6e202a0_0, v000001cdc6e20340_0, v000001cdc6e200c0_0, v000001cdc6e20020_0, v000001cdc6e20200_0 {0 0 0};
    %end;
    .thread T_3;
    .scope S_000001cdc6f6c190;
T_4 ;
    %vpi_call 2 34 "$dumpfile", "./build/counter4_3_wave.vcd" {0 0 0};
    %vpi_call 2 35 "$dumpvars", 32'sb00000000000000000000000000000000, S_000001cdc6f6c190 {0 0 0};
    %end;
    .thread T_4;
# The file index is used to find the file name in the following table.
:file_names 4;
    "N/A";
    "<interactive>";
    "counter4_3_tb.v";
    "./counter4_3.v";
