#! /c/Source/iverilog-install/bin/vvp
:ivl_version "12.0 (devel)" "(s20150603-1110-g18392a46)";
:ivl_delay_selection "TYPICAL";
:vpi_time_precision - 9;
:vpi_module "D:\DevTools\iverilog\lib\ivl\system.vpi";
:vpi_module "D:\DevTools\iverilog\lib\ivl\vhdl_sys.vpi";
:vpi_module "D:\DevTools\iverilog\lib\ivl\vhdl_textio.vpi";
:vpi_module "D:\DevTools\iverilog\lib\ivl\v2005_math.vpi";
:vpi_module "D:\DevTools\iverilog\lib\ivl\va_math.vpi";
S_000001f74d989640 .scope module, "counter4_8_tb" "counter4_8_tb" 2 4;
 .timescale -9 -9;
P_000001f74d985510 .param/l "DELAY" 0 2 9, +C4<00000000000000000000000000010100>;
v000001f74d9edd00_0 .var "cin", 0 0;
v000001f74d9eda80_0 .var "clk", 0 0;
v000001f74d9ee840_0 .net "cout", 0 0, L_000001f74d9ee700;  1 drivers
v000001f74d9edb20_0 .var "data", 7 0;
v000001f74d9ed9e0_0 .var "load", 0 0;
v000001f74d9ee020_0 .net "qout", 7 0, v000001f74d9ee2a0_0;  1 drivers
v000001f74d9ee200_0 .var "rst", 0 0;
S_000001f74d9897d0 .scope module, "uc" "cnt60" 2 11, 3 2 0, S_000001f74d989640;
 .timescale -9 -9;
    .port_info 0 /OUTPUT 8 "qout";
    .port_info 1 /OUTPUT 1 "cout";
    .port_info 2 /INPUT 8 "data";
    .port_info 3 /INPUT 1 "load";
    .port_info 4 /INPUT 1 "cin";
    .port_info 5 /INPUT 1 "rst";
    .port_info 6 /INPUT 1 "clk";
L_000001f74d99b310 .functor AND 1, L_000001f74d9ee480, v000001f74d9edd00_0, C4<1>, C4<1>;
L_000001f74d9ee908 .functor BUFT 1, C4<01011001>, C4<0>, C4<0>, C4<0>;
v000001f74d7de3e0_0 .net/2u *"_ivl_0", 7 0, L_000001f74d9ee908;  1 drivers
v000001f74d963390_0 .net *"_ivl_10", 1 0, L_000001f74d9ee5c0;  1 drivers
v000001f74d7de480_0 .net *"_ivl_2", 0 0, L_000001f74d9ee480;  1 drivers
v000001f74d7de520_0 .net *"_ivl_4", 0 0, L_000001f74d99b310;  1 drivers
L_000001f74d9ee950 .functor BUFT 1, C4<01>, C4<0>, C4<0>, C4<0>;
v000001f74d7de5c0_0 .net/2s *"_ivl_6", 1 0, L_000001f74d9ee950;  1 drivers
L_000001f74d9ee998 .functor BUFT 1, C4<00>, C4<0>, C4<0>, C4<0>;
v000001f74d7de660_0 .net/2s *"_ivl_8", 1 0, L_000001f74d9ee998;  1 drivers
v000001f74d7de700_0 .net "cin", 0 0, v000001f74d9edd00_0;  1 drivers
v000001f74d9ed850_0 .net "clk", 0 0, v000001f74d9eda80_0;  1 drivers
v000001f74d9ee3e0_0 .net "cout", 0 0, L_000001f74d9ee700;  alias, 1 drivers
v000001f74d9ee0c0_0 .net "data", 7 0, v000001f74d9edb20_0;  1 drivers
v000001f74d9ee520_0 .net "load", 0 0, v000001f74d9ed9e0_0;  1 drivers
v000001f74d9ee2a0_0 .var "qout", 7 0;
v000001f74d9ee160_0 .net "rst", 0 0, v000001f74d9ee200_0;  1 drivers
E_000001f74d984a50 .event posedge, v000001f74d9ed850_0;
L_000001f74d9ee480 .cmp/eq 8, v000001f74d9ee2a0_0, L_000001f74d9ee908;
L_000001f74d9ee5c0 .functor MUXZ 2, L_000001f74d9ee998, L_000001f74d9ee950, L_000001f74d99b310, C4<>;
L_000001f74d9ee700 .part L_000001f74d9ee5c0, 0, 1;
    .scope S_000001f74d9897d0;
T_0 ;
    %wait E_000001f74d984a50;
    %load/vec4 v000001f74d9ee160_0;
    %flag_set/vec4 8;
    %jmp/0xz  T_0.0, 8;
    %pushi/vec4 0, 0, 8;
    %assign/vec4 v000001f74d9ee2a0_0, 0;
    %jmp T_0.1;
T_0.0 ;
    %load/vec4 v000001f74d9ee520_0;
    %flag_set/vec4 8;
    %jmp/0xz  T_0.2, 8;
    %load/vec4 v000001f74d9ee0c0_0;
    %assign/vec4 v000001f74d9ee2a0_0, 0;
    %jmp T_0.3;
T_0.2 ;
    %load/vec4 v000001f74d7de700_0;
    %flag_set/vec4 8;
    %jmp/0xz  T_0.4, 8;
    %load/vec4 v000001f74d9ee2a0_0;
    %parti/s 4, 0, 2;
    %pad/u 32;
    %cmpi/e 9, 0, 32;
    %jmp/0xz  T_0.6, 6;
    %pushi/vec4 0, 0, 4;
    %ix/load 4, 0, 0;
    %ix/load 5, 0, 0;
    %flag_set/imm 4, 0;
    %assign/vec4/off/d v000001f74d9ee2a0_0, 4, 5;
    %load/vec4 v000001f74d9ee2a0_0;
    %parti/s 4, 4, 4;
    %pad/u 32;
    %cmpi/e 5, 0, 32;
    %jmp/0xz  T_0.8, 6;
    %pushi/vec4 0, 0, 4;
    %ix/load 4, 4, 0;
    %ix/load 5, 0, 0;
    %flag_set/imm 4, 0;
    %assign/vec4/off/d v000001f74d9ee2a0_0, 4, 5;
    %jmp T_0.9;
T_0.8 ;
    %load/vec4 v000001f74d9ee2a0_0;
    %parti/s 4, 4, 4;
    %addi 1, 0, 4;
    %ix/load 4, 4, 0;
    %ix/load 5, 0, 0;
    %flag_set/imm 4, 0;
    %assign/vec4/off/d v000001f74d9ee2a0_0, 4, 5;
T_0.9 ;
    %jmp T_0.7;
T_0.6 ;
    %load/vec4 v000001f74d9ee2a0_0;
    %parti/s 4, 0, 2;
    %addi 1, 0, 4;
    %ix/load 4, 0, 0;
    %ix/load 5, 0, 0;
    %flag_set/imm 4, 0;
    %assign/vec4/off/d v000001f74d9ee2a0_0, 4, 5;
T_0.7 ;
T_0.4 ;
T_0.3 ;
T_0.1 ;
    %jmp T_0;
    .thread T_0;
    .scope S_000001f74d989640;
T_1 ;
    %delay 10, 0;
    %load/vec4 v000001f74d9eda80_0;
    %inv;
    %store/vec4 v000001f74d9eda80_0, 0, 1;
    %jmp T_1;
    .thread T_1;
    .scope S_000001f74d989640;
T_2 ;
    %delay 100, 0;
    %load/vec4 v000001f74d9edd00_0;
    %inv;
    %store/vec4 v000001f74d9edd00_0, 0, 1;
    %jmp T_2;
    .thread T_2;
    .scope S_000001f74d989640;
T_3 ;
    %pushi/vec4 0, 0, 1;
    %store/vec4 v000001f74d9eda80_0, 0, 1;
    %pushi/vec4 0, 0, 1;
    %store/vec4 v000001f74d9ee200_0, 0, 1;
    %pushi/vec4 0, 0, 1;
    %store/vec4 v000001f74d9ed9e0_0, 0, 1;
    %pushi/vec4 0, 0, 1;
    %store/vec4 v000001f74d9edd00_0, 0, 1;
    %pushi/vec4 36, 0, 8;
    %store/vec4 v000001f74d9edb20_0, 0, 8;
    %delay 20, 0;
    %pushi/vec4 1, 0, 1;
    %store/vec4 v000001f74d9ee200_0, 0, 1;
    %delay 20, 0;
    %pushi/vec4 0, 0, 1;
    %store/vec4 v000001f74d9ee200_0, 0, 1;
    %delay 220, 0;
    %pushi/vec4 1, 0, 1;
    %store/vec4 v000001f74d9ed9e0_0, 0, 1;
    %delay 20, 0;
    %pushi/vec4 0, 0, 1;
    %store/vec4 v000001f74d9ed9e0_0, 0, 1;
    %delay 4000, 0;
    %vpi_call 2 24 "$finish" {0 0 0};
    %end;
    .thread T_3;
    .scope S_000001f74d989640;
T_4 ;
    %vpi_call 2 29 "$monitor", $time, ": rst=%b clk=%b load=%b data=%d cin=%b cout=%b qout=0x%X", v000001f74d9ee200_0, v000001f74d9eda80_0, v000001f74d9ed9e0_0, v000001f74d9edb20_0, v000001f74d9edd00_0, v000001f74d9ee840_0, v000001f74d9ee020_0 {0 0 0};
    %end;
    .thread T_4;
    .scope S_000001f74d989640;
T_5 ;
    %vpi_call 2 34 "$dumpfile", "./build/counter4_8_wave.vcd" {0 0 0};
    %vpi_call 2 35 "$dumpvars", 32'sb00000000000000000000000000000000, S_000001f74d989640 {0 0 0};
    %end;
    .thread T_5;
# The file index is used to find the file name in the following table.
:file_names 4;
    "N/A";
    "<interactive>";
    "counter4_8_tb.v";
    "./counter4_8.v";
